<html>
<head>
<title>TestNG:  ResetPasswordPage</title>
<link href="../testng.css" rel="stylesheet" type="text/css" />
<link href="../my-testng.css" rel="stylesheet" type="text/css" />

<style type="text/css">
.log { display: none;} 
.stack-trace { display: none;} 
</style>
<script type="text/javascript">
<!--
function flip(e) {
  current = e.style.display;
  if (current == 'block') {
    e.style.display = 'none';
    return 0;
  }
  else {
    e.style.display = 'block';
    return 1;
  }
}

function toggleBox(szDivId, elem, msg1, msg2)
{
  var res = -1;  if (document.getElementById) {
    res = flip(document.getElementById(szDivId));
  }
  else if (document.all) {
    // this is the way old msie versions work
    res = flip(document.all[szDivId]);
  }
  if(elem) {
    if(res == 0) elem.innerHTML = msg1; else elem.innerHTML = msg2;
  }

}

function toggleAllBoxes() {
  if (document.getElementsByTagName) {
    d = document.getElementsByTagName('div');
    for (i = 0; i < d.length; i++) {
      if (d[i].className == 'log') {
        flip(d[i]);
      }
    }
  }
}

// -->
</script>

</head>
<body>
<h2 align='center'>ResetPasswordPage</h2><table border='1' align="center">
<tr>
<td>Tests passed/Failed/Skipped:</td><td>10/1/0</td>
</tr><tr>
<td>Started on:</td><td>Thu Dec 15 17:28:54 IST 2016</td>
</tr>
<tr><td>Total time:</td><td>30 seconds (30804 ms)</td>
</tr><tr>
<td>Included groups:</td><td></td>
</tr><tr>
<td>Excluded groups:</td><td></td>
</tr>
</table><p/>
<small><i>(Hover the method name to see the test class name)</i></small><p/>
<table width='100%' border='1' class='invocation-failed'>
<tr><td colspan='4' align='center'><b>FAILED TESTS</b></td></tr>
<tr><td><b>Test method</b></td>
<td width="30%"><b>Exception</b></td>
<td width="10%"><b>Time (seconds)</b></td>
<td><b>Instance</b></td>
</tr>
<tr>
<td title='controller.TestNgClass.clickResetLogin()'><b>clickResetLogin</b><br>Test class: controller.TestNgClass</td>
<td><div><pre>org.openqa.selenium.NoSuchElementException: no such element: Unable to locate element: {&quot;method&quot;:&quot;id&quot;,&quot;selector&quot;:&quot;forgot_email&quot;}
  (Session info: chrome=53.0.2785.101)
  (Driver info: chromedriver=2.23.409687 (c46e862757edc04c06b1bd88724d15a5807b84d1),platform=Linux 3.13.0-41-generic x86_64) (WARNING: The server did not provide any stacktrace information)
Command duration or timeout: 27 milliseconds
For documentation on this error, please visit: http://seleniumhq.org/exceptions/no_such_element.html
Build info: version: &apos;unknown&apos;, revision: &apos;350cf60&apos;, time: &apos;2016-10-13 10:43:56 -0700&apos;
System info: host: &apos;pradeep&apos;, ip: &apos;127.0.1.1&apos;, os.name: &apos;Linux&apos;, os.arch: &apos;amd64&apos;, os.version: &apos;3.13.0-41-generic&apos;, java.version: &apos;1.8.0_91&apos;
Driver info: org.openqa.selenium.chrome.ChromeDriver
Capabilities [{applicationCacheEnabled=false, rotatable=false, mobileEmulationEnabled=false, networkConnectionEnabled=false, chrome={chromedriverVersion=2.23.409687 (c46e862757edc04c06b1bd88724d15a5807b84d1), userDataDir=/tmp/.org.chromium.Chromium.xyO3Zr}, takesHeapSnapshot=true, databaseEnabled=false, handlesAlerts=true, hasTouchScreen=false, version=53.0.2785.101, platform=LINUX, browserConnectionEnabled=false, nativeEvents=true, acceptSslCerts=true, locationContextEnabled=true, webStorageEnabled=true, browserName=chrome, takesScreenshot=true, javascriptEnabled=true, cssSelectorsEnabled=true}]
Session ID: d01af45dd9892efdef3da1cbb5db9d5d
*** Element info: {Using=id, value=forgot_email}
	at org.openqa.selenium.remote.ErrorHandler.createThrowable(ErrorHandler.java:216)
	at org.openqa.selenium.remote.ErrorHandler.throwIfResponseFailed(ErrorHandler.java:168)
	at org.openqa.selenium.remote.RemoteWebDriver.execute(RemoteWebDriver.java:635)
	at org.openqa.selenium.remote.RemoteWebDriver.findElement(RemoteWebDriver.java:368)
	at org.openqa.selenium.remote.RemoteWebDriver.findElementById(RemoteWebDriver.java:417)
	at org.openqa.selenium.By$ById.findElement(By.java:218)
	at org.openqa.selenium.remote.RemoteWebDriver.findElement(RemoteWebDriver.java:360)
	at org.openqa.selenium.support.pagefactory.DefaultElementLocator.findElement(DefaultElementLocator.java:69)
	at org.openqa.selenium.support.pagefactory.internal.LocatingElementHandler.invoke(LocatingElementHandler.java:38)
	at com.sun.proxy.$Proxy9.sendKeys(Unknown Source)
	at testscripts.ResetPasswordPage.clickReset(ResetPasswordPage.java:140)
	at testscripts.ResetPasswordPage.validEmai(ResetPasswordPage.java:151)
	at testscripts.ResetPasswordPage.clickResetLogin(ResetPasswordPage.java:128)
	at controller.TestNgClass.clickResetLogin(TestNgClass.java:362)
... Removed 29 stack frames</pre></div><a href='#' onClick='toggleBox("stack-trace1926004335", this, "Click to show all stack frames", "Click to hide stack frames")'>Click to show all stack frames</a>
<div class='stack-trace' id='stack-trace1926004335'><pre>org.openqa.selenium.NoSuchElementException: no such element: Unable to locate element: {&quot;method&quot;:&quot;id&quot;,&quot;selector&quot;:&quot;forgot_email&quot;}
  (Session info: chrome=53.0.2785.101)
  (Driver info: chromedriver=2.23.409687 (c46e862757edc04c06b1bd88724d15a5807b84d1),platform=Linux 3.13.0-41-generic x86_64) (WARNING: The server did not provide any stacktrace information)
Command duration or timeout: 27 milliseconds
For documentation on this error, please visit: http://seleniumhq.org/exceptions/no_such_element.html
Build info: version: &apos;unknown&apos;, revision: &apos;350cf60&apos;, time: &apos;2016-10-13 10:43:56 -0700&apos;
System info: host: &apos;pradeep&apos;, ip: &apos;127.0.1.1&apos;, os.name: &apos;Linux&apos;, os.arch: &apos;amd64&apos;, os.version: &apos;3.13.0-41-generic&apos;, java.version: &apos;1.8.0_91&apos;
Driver info: org.openqa.selenium.chrome.ChromeDriver
Capabilities [{applicationCacheEnabled=false, rotatable=false, mobileEmulationEnabled=false, networkConnectionEnabled=false, chrome={chromedriverVersion=2.23.409687 (c46e862757edc04c06b1bd88724d15a5807b84d1), userDataDir=/tmp/.org.chromium.Chromium.xyO3Zr}, takesHeapSnapshot=true, databaseEnabled=false, handlesAlerts=true, hasTouchScreen=false, version=53.0.2785.101, platform=LINUX, browserConnectionEnabled=false, nativeEvents=true, acceptSslCerts=true, locationContextEnabled=true, webStorageEnabled=true, browserName=chrome, takesScreenshot=true, javascriptEnabled=true, cssSelectorsEnabled=true}]
Session ID: d01af45dd9892efdef3da1cbb5db9d5d
*** Element info: {Using=id, value=forgot_email}
	at sun.reflect.NativeConstructorAccessorImpl.newInstance0(Native Method)
	at sun.reflect.NativeConstructorAccessorImpl.newInstance(NativeConstructorAccessorImpl.java:62)
	at sun.reflect.DelegatingConstructorAccessorImpl.newInstance(DelegatingConstructorAccessorImpl.java:45)
	at java.lang.reflect.Constructor.newInstance(Constructor.java:423)
	at org.openqa.selenium.remote.ErrorHandler.createThrowable(ErrorHandler.java:216)
	at org.openqa.selenium.remote.ErrorHandler.throwIfResponseFailed(ErrorHandler.java:168)
	at org.openqa.selenium.remote.RemoteWebDriver.execute(RemoteWebDriver.java:635)
	at org.openqa.selenium.remote.RemoteWebDriver.findElement(RemoteWebDriver.java:368)
	at org.openqa.selenium.remote.RemoteWebDriver.findElementById(RemoteWebDriver.java:417)
	at org.openqa.selenium.By$ById.findElement(By.java:218)
	at org.openqa.selenium.remote.RemoteWebDriver.findElement(RemoteWebDriver.java:360)
	at org.openqa.selenium.support.pagefactory.DefaultElementLocator.findElement(DefaultElementLocator.java:69)
	at org.openqa.selenium.support.pagefactory.internal.LocatingElementHandler.invoke(LocatingElementHandler.java:38)
	at com.sun.proxy.$Proxy9.sendKeys(Unknown Source)
	at testscripts.ResetPasswordPage.clickReset(ResetPasswordPage.java:140)
	at testscripts.ResetPasswordPage.validEmai(ResetPasswordPage.java:151)
	at testscripts.ResetPasswordPage.clickResetLogin(ResetPasswordPage.java:128)
	at controller.TestNgClass.clickResetLogin(TestNgClass.java:362)
	at sun.reflect.NativeMethodAccessorImpl.invoke0(Native Method)
	at sun.reflect.NativeMethodAccessorImpl.invoke(NativeMethodAccessorImpl.java:62)
	at sun.reflect.DelegatingMethodAccessorImpl.invoke(DelegatingMethodAccessorImpl.java:43)
	at java.lang.reflect.Method.invoke(Method.java:498)
	at org.testng.internal.MethodInvocationHelper.invokeMethod(MethodInvocationHelper.java:100)
	at org.testng.internal.Invoker.invokeMethod(Invoker.java:646)
	at org.testng.internal.Invoker.invokeTestMethod(Invoker.java:811)
	at org.testng.internal.Invoker.invokeTestMethods(Invoker.java:1137)
	at org.testng.internal.TestMethodWorker.invokeTestMethods(TestMethodWorker.java:129)
	at org.testng.internal.TestMethodWorker.run(TestMethodWorker.java:112)
	at org.testng.TestRunner.privateRun(TestRunner.java:753)
	at org.testng.TestRunner.run(TestRunner.java:607)
	at org.testng.SuiteRunner.runTest(SuiteRunner.java:368)
	at org.testng.SuiteRunner.runSequentially(SuiteRunner.java:363)
	at org.testng.SuiteRunner.privateRun(SuiteRunner.java:321)
	at org.testng.SuiteRunner.run(SuiteRunner.java:270)
	at org.testng.SuiteRunnerWorker.runSuite(SuiteRunnerWorker.java:52)
	at org.testng.SuiteRunnerWorker.run(SuiteRunnerWorker.java:86)
	at org.testng.TestNG.runSuitesSequentially(TestNG.java:1284)
	at org.testng.TestNG.runSuitesLocally(TestNG.java:1209)
	at org.testng.TestNG.runSuites(TestNG.java:1124)
	at org.testng.TestNG.run(TestNG.java:1096)
	at org.testng.remote.AbstractRemoteTestNG.run(AbstractRemoteTestNG.java:132)
	at org.testng.remote.RemoteTestNG.initAndRun(RemoteTestNG.java:236)
	at org.testng.remote.RemoteTestNG.main(RemoteTestNG.java:81)
</pre></div></td>
<td>0</td>
<td>controller.TestNgClass@482f8f11</td></tr>
</table><p>
<table width='100%' border='1' class='invocation-passed'>
<tr><td colspan='4' align='center'><b>PASSED TESTS</b></td></tr>
<tr><td><b>Test method</b></td>
<td width="30%"><b>Exception</b></td>
<td width="10%"><b>Time (seconds)</b></td>
<td><b>Instance</b></td>
</tr>
<tr>
<td title='controller.TestNgClass.ResetPasswordPage()'><b>ResetPasswordPage</b><br>Test class: controller.TestNgClass</td>
<td></td>
<td>0</td>
<td>controller.TestNgClass@482f8f11</td></tr>
<tr>
<td title='controller.TestNgClass.checkPwdResetText()'><b>checkPwdResetText</b><br>Test class: controller.TestNgClass</td>
<td></td>
<td>0</td>
<td>controller.TestNgClass@482f8f11</td></tr>
<tr>
<td title='controller.TestNgClass.checkResetCancelLink()'><b>checkResetCancelLink</b><br>Test class: controller.TestNgClass</td>
<td></td>
<td>0</td>
<td>controller.TestNgClass@482f8f11</td></tr>
<tr>
<td title='controller.TestNgClass.checkResetDis()'><b>checkResetDis</b><br>Test class: controller.TestNgClass</td>
<td></td>
<td>0</td>
<td>controller.TestNgClass@482f8f11</td></tr>
<tr>
<td title='controller.TestNgClass.checkResetLoginField()'><b>checkResetLoginField</b><br>Test class: controller.TestNgClass</td>
<td></td>
<td>0</td>
<td>controller.TestNgClass@482f8f11</td></tr>
<tr>
<td title='controller.TestNgClass.clickResetCancelLink()'><b>clickResetCancelLink</b><br>Test class: controller.TestNgClass</td>
<td></td>
<td>10</td>
<td>controller.TestNgClass@482f8f11</td></tr>
<tr>
<td title='controller.TestNgClass.clickkForgotPwd()'><b>clickkForgotPwd</b><br>Test class: controller.TestNgClass</td>
<td></td>
<td>1</td>
<td>controller.TestNgClass@482f8f11</td></tr>
<tr>
<td title='controller.TestNgClass.forgotPasswordPage()'><b>forgotPasswordPage</b><br>Test class: controller.TestNgClass</td>
<td></td>
<td>0</td>
<td>controller.TestNgClass@482f8f11</td></tr>
<tr>
<td title='controller.TestNgClass.launchSite()'><b>launchSite</b><br>Test class: controller.TestNgClass<br>Parameters: staging</td>
<td></td>
<td>5</td>
<td>controller.TestNgClass@482f8f11</td></tr>
<tr>
<td title='controller.TestNgClass.validEmail()'><b>validEmail</b><br>Test class: controller.TestNgClass</td>
<td></td>
<td>10</td>
<td>controller.TestNgClass@482f8f11</td></tr>
</table><p>
</body>
</html>