<?xml version="1.0" encoding="UTF-8"?>
<!-- Generated by org.testng.reporters.JUnitXMLReporter -->
<testsuite hostname="pradeep" ignored="127" name="SalesPiller_Application" tests="10" failures="2" timestamp="03 Feb 2017 07:39:52 GMT" time="75.749" errors="0">
  <testcase name="launchSite" time="6.496" classname="controller.TestNgClass"/>
  <testcase name="validEmailAndPwd" time="30.971" classname="controller.TestNgClass"/>
  <testcase name="HomePage" time="0.013" classname="controller.TestNgClass"/>
  <testcase name="salesPiller" time="0.033" classname="controller.TestNgClass"/>
  <testcase name="checkSalesPillerLink" time="8.068" classname="controller.TestNgClass"/>
  <testcase name="clickSalesApplication" time="6.718" classname="controller.TestNgClass"/>
  <testcase name="click_Name_Sales_AppDetails" time="14.867" classname="controller.TestNgClass"/>
  <testcase name="clickSalesEditApp" time="1.889" classname="controller.TestNgClass"/>
  <testcase name="invalidDOB_Sales_AppDetails" time="2.225" classname="controller.TestNgClass">
    <failure type="org.openqa.selenium.WebDriverException" message="unknown error: Element is not clickable at point (639, 356). Other element would receive the click: &amp;lt;th colspan=&amp;quot;5&amp;quot; class=&amp;quot;datepicker-switch&amp;quot;&amp;gt;...&amp;lt;/th&amp;gt;
  (Session info: chrome=53.0.2785.101)
  (Driver info: chromedriver=2.23.409687 (c46e862757edc04c06b1bd88724d15a5807b84d1),platform=Linux 3.13.0-41-generic x86_64) (WARNING: The server did not provide any stacktrace information)
Command duration or timeout: 47 milliseconds
Build info: version: &amp;apos;unknown&amp;apos;, revision: &amp;apos;350cf60&amp;apos;, time: &amp;apos;2016-10-13 10:43:56 -0700&amp;apos;
System info: host: &amp;apos;pradeep&amp;apos;, ip: &amp;apos;127.0.1.1&amp;apos;, os.name: &amp;apos;Linux&amp;apos;, os.arch: &amp;apos;amd64&amp;apos;, os.version: &amp;apos;3.13.0-41-generic&amp;apos;, java.version: &amp;apos;1.8.0_91&amp;apos;
Driver info: org.openqa.selenium.chrome.ChromeDriver
Capabilities [{applicationCacheEnabled=false, rotatable=false, mobileEmulationEnabled=false, networkConnectionEnabled=false, chrome={chromedriverVersion=2.23.409687 (c46e862757edc04c06b1bd88724d15a5807b84d1), userDataDir=/tmp/.org.chromium.Chromium.yaqYgm}, takesHeapSnapshot=true, databaseEnabled=false, handlesAlerts=true, hasTouchScreen=false, version=53.0.2785.101, platform=LINUX, browserConnectionEnabled=false, nativeEvents=true, acceptSslCerts=true, locationContextEnabled=true, webStorageEnabled=true, browserName=chrome, takesScreenshot=true, javascriptEnabled=true, cssSelectorsEnabled=true}]
Session ID: a52365e1f5afb0c7da26cd3d7b58561f">
      <![CDATA[org.openqa.selenium.WebDriverException: unknown error: Element is not clickable at point (639, 356). Other element would receive the click: <th colspan="5" class="datepicker-switch">...</th>
  (Session info: chrome=53.0.2785.101)
  (Driver info: chromedriver=2.23.409687 (c46e862757edc04c06b1bd88724d15a5807b84d1),platform=Linux 3.13.0-41-generic x86_64) (WARNING: The server did not provide any stacktrace information)
Command duration or timeout: 47 milliseconds
Build info: version: 'unknown', revision: '350cf60', time: '2016-10-13 10:43:56 -0700'
System info: host: 'pradeep', ip: '127.0.1.1', os.name: 'Linux', os.arch: 'amd64', os.version: '3.13.0-41-generic', java.version: '1.8.0_91'
Driver info: org.openqa.selenium.chrome.ChromeDriver
Capabilities [{applicationCacheEnabled=false, rotatable=false, mobileEmulationEnabled=false, networkConnectionEnabled=false, chrome={chromedriverVersion=2.23.409687 (c46e862757edc04c06b1bd88724d15a5807b84d1), userDataDir=/tmp/.org.chromium.Chromium.yaqYgm}, takesHeapSnapshot=true, databaseEnabled=false, handlesAlerts=true, hasTouchScreen=false, version=53.0.2785.101, platform=LINUX, browserConnectionEnabled=false, nativeEvents=true, acceptSslCerts=true, locationContextEnabled=true, webStorageEnabled=true, browserName=chrome, takesScreenshot=true, javascriptEnabled=true, cssSelectorsEnabled=true}]
Session ID: a52365e1f5afb0c7da26cd3d7b58561f
	at org.openqa.selenium.remote.ErrorHandler.createThrowable(ErrorHandler.java:216)
	at org.openqa.selenium.remote.ErrorHandler.throwIfResponseFailed(ErrorHandler.java:168)
	at org.openqa.selenium.remote.RemoteWebDriver.execute(RemoteWebDriver.java:635)
	at org.openqa.selenium.remote.RemoteWebElement.execute(RemoteWebElement.java:274)
	at org.openqa.selenium.remote.RemoteWebElement.click(RemoteWebElement.java:84)
	at services.HelperClass.DOB(HelperClass.java:426)
	at testscripts.SalesPiller.invalidDOB(SalesPiller.java:1607)
	at controller.TestNgClass.invalidDOB_Sales_AppDetails(TestNgClass.java:1347)
... Removed 29 stack frames]]>
    </failure>
  </testcase> <!-- invalidDOB_Sales_AppDetails -->
  <testcase name="validDOB_Sales_AppDetails" time="2.169" classname="controller.TestNgClass">
    <failure type="org.openqa.selenium.WebDriverException" message="unknown error: Element is not clickable at point (639, 356). Other element would receive the click: &amp;lt;th colspan=&amp;quot;5&amp;quot; class=&amp;quot;datepicker-switch&amp;quot;&amp;gt;...&amp;lt;/th&amp;gt;
  (Session info: chrome=53.0.2785.101)
  (Driver info: chromedriver=2.23.409687 (c46e862757edc04c06b1bd88724d15a5807b84d1),platform=Linux 3.13.0-41-generic x86_64) (WARNING: The server did not provide any stacktrace information)
Command duration or timeout: 24 milliseconds
Build info: version: &amp;apos;unknown&amp;apos;, revision: &amp;apos;350cf60&amp;apos;, time: &amp;apos;2016-10-13 10:43:56 -0700&amp;apos;
System info: host: &amp;apos;pradeep&amp;apos;, ip: &amp;apos;127.0.1.1&amp;apos;, os.name: &amp;apos;Linux&amp;apos;, os.arch: &amp;apos;amd64&amp;apos;, os.version: &amp;apos;3.13.0-41-generic&amp;apos;, java.version: &amp;apos;1.8.0_91&amp;apos;
Driver info: org.openqa.selenium.chrome.ChromeDriver
Capabilities [{applicationCacheEnabled=false, rotatable=false, mobileEmulationEnabled=false, networkConnectionEnabled=false, chrome={chromedriverVersion=2.23.409687 (c46e862757edc04c06b1bd88724d15a5807b84d1), userDataDir=/tmp/.org.chromium.Chromium.yaqYgm}, takesHeapSnapshot=true, databaseEnabled=false, handlesAlerts=true, hasTouchScreen=false, version=53.0.2785.101, platform=LINUX, browserConnectionEnabled=false, nativeEvents=true, acceptSslCerts=true, locationContextEnabled=true, webStorageEnabled=true, browserName=chrome, takesScreenshot=true, javascriptEnabled=true, cssSelectorsEnabled=true}]
Session ID: a52365e1f5afb0c7da26cd3d7b58561f">
      <![CDATA[org.openqa.selenium.WebDriverException: unknown error: Element is not clickable at point (639, 356). Other element would receive the click: <th colspan="5" class="datepicker-switch">...</th>
  (Session info: chrome=53.0.2785.101)
  (Driver info: chromedriver=2.23.409687 (c46e862757edc04c06b1bd88724d15a5807b84d1),platform=Linux 3.13.0-41-generic x86_64) (WARNING: The server did not provide any stacktrace information)
Command duration or timeout: 24 milliseconds
Build info: version: 'unknown', revision: '350cf60', time: '2016-10-13 10:43:56 -0700'
System info: host: 'pradeep', ip: '127.0.1.1', os.name: 'Linux', os.arch: 'amd64', os.version: '3.13.0-41-generic', java.version: '1.8.0_91'
Driver info: org.openqa.selenium.chrome.ChromeDriver
Capabilities [{applicationCacheEnabled=false, rotatable=false, mobileEmulationEnabled=false, networkConnectionEnabled=false, chrome={chromedriverVersion=2.23.409687 (c46e862757edc04c06b1bd88724d15a5807b84d1), userDataDir=/tmp/.org.chromium.Chromium.yaqYgm}, takesHeapSnapshot=true, databaseEnabled=false, handlesAlerts=true, hasTouchScreen=false, version=53.0.2785.101, platform=LINUX, browserConnectionEnabled=false, nativeEvents=true, acceptSslCerts=true, locationContextEnabled=true, webStorageEnabled=true, browserName=chrome, takesScreenshot=true, javascriptEnabled=true, cssSelectorsEnabled=true}]
Session ID: a52365e1f5afb0c7da26cd3d7b58561f
	at org.openqa.selenium.remote.ErrorHandler.createThrowable(ErrorHandler.java:216)
	at org.openqa.selenium.remote.ErrorHandler.throwIfResponseFailed(ErrorHandler.java:168)
	at org.openqa.selenium.remote.RemoteWebDriver.execute(RemoteWebDriver.java:635)
	at org.openqa.selenium.remote.RemoteWebElement.execute(RemoteWebElement.java:274)
	at org.openqa.selenium.remote.RemoteWebElement.click(RemoteWebElement.java:84)
	at services.HelperClass.DOB(HelperClass.java:426)
	at testscripts.SalesPiller.validDoB(SalesPiller.java:1612)
	at controller.TestNgClass.validDOB_Sales_AppDetails(TestNgClass.java:1357)
... Removed 29 stack frames]]>
    </failure>
  </testcase> <!-- validDOB_Sales_AppDetails -->
  <testcase name="checkSalesPillerHeading" time="0.0" classname="controller.TestNgClass">
    <ignored/>
  </testcase> <!-- checkSalesPillerHeading -->
  <testcase name="sortSalesAppID" time="0.0" classname="controller.TestNgClass">
    <ignored/>
  </testcase> <!-- sortSalesAppID -->
  <testcase name="clickResetLogin" time="0.0" classname="controller.TestNgClass">
    <ignored/>
  </testcase> <!-- clickResetLogin -->
  <testcase name="deleteSalesApplication" time="0.0" classname="controller.TestNgClass">
    <ignored/>
  </testcase> <!-- deleteSalesApplication -->
  <testcase name="select_SalesQuots_25Rows" time="0.0" classname="controller.TestNgClass">
    <ignored/>
  </testcase> <!-- select_SalesQuots_25Rows -->
  <testcase name="selectSalesApplication100Rows" time="0.0" classname="controller.TestNgClass">
    <ignored/>
  </testcase> <!-- selectSalesApplication100Rows -->
  <testcase name="clickYearly" time="0.0" classname="controller.TestNgClass">
    <ignored/>
  </testcase> <!-- clickYearly -->
  <testcase name="checkResetButton" time="0.0" classname="controller.TestNgClass">
    <ignored/>
  </testcase> <!-- checkResetButton -->
  <testcase name="checkSalesApplicationHeadingDis" time="0.0" classname="controller.TestNgClass">
    <ignored/>
  </testcase> <!-- checkSalesApplicationHeadingDis -->
  <testcase name="invalidLastName_Sales_AppDetails" time="0.0" classname="controller.TestNgClass">
    <ignored/>
  </testcase> <!-- invalidLastName_Sales_AppDetails -->
  <testcase name="clickSocialIntLayout" time="0.0" classname="controller.TestNgClass">
    <ignored/>
  </testcase> <!-- clickSocialIntLayout -->
  <testcase name="checkPasswordField" time="0.0" classname="controller.TestNgClass">
    <ignored/>
  </testcase> <!-- checkPasswordField -->
  <testcase name="checkProfileDropdown" time="0.0" classname="controller.TestNgClass">
    <ignored/>
  </testcase> <!-- checkProfileDropdown -->
  <testcase name="ResetPasswordPage" time="0.0" classname="controller.TestNgClass">
    <ignored/>
  </testcase> <!-- ResetPasswordPage -->
  <testcase name="validatePwdField" time="0.0" classname="controller.TestNgClass">
    <ignored/>
  </testcase> <!-- validatePwdField -->
  <testcase name="cancelDelete" time="0.0" classname="controller.TestNgClass">
    <ignored/>
  </testcase> <!-- cancelDelete -->
  <testcase name="checkResetDis" time="0.0" classname="controller.TestNgClass">
    <ignored/>
  </testcase> <!-- checkResetDis -->
  <testcase name="deleteRecord" time="0.0" classname="controller.TestNgClass">
    <ignored/>
  </testcase> <!-- deleteRecord -->
  <testcase name="searchSalesApplication" time="0.0" classname="controller.TestNgClass">
    <ignored/>
  </testcase> <!-- searchSalesApplication -->
  <testcase name="clickPolicyHolderLayout" time="0.0" classname="controller.TestNgClass">
    <ignored/>
  </testcase> <!-- clickPolicyHolderLayout -->
  <testcase name="selectSalesApplication25Rows" time="0.0" classname="controller.TestNgClass">
    <ignored/>
  </testcase> <!-- selectSalesApplication25Rows -->
  <testcase name="clickAppAnlyLayout" time="0.0" classname="controller.TestNgClass">
    <ignored/>
  </testcase> <!-- clickAppAnlyLayout -->
  <testcase name="validEmail_Sales_AppDetails" time="0.0" classname="controller.TestNgClass">
    <ignored/>
  </testcase> <!-- validEmail_Sales_AppDetails -->
  <testcase name="sortFaceAmountcolumn" time="0.0" classname="controller.TestNgClass">
    <ignored/>
  </testcase> <!-- sortFaceAmountcolumn -->
  <testcase name="click_Id_Sales_AppDetails" time="0.0" classname="controller.TestNgClass">
    <ignored/>
  </testcase> <!-- click_Id_Sales_AppDetails -->
  <testcase name="sortSalesAppStage" time="0.0" classname="controller.TestNgClass">
    <ignored/>
  </testcase> <!-- sortSalesAppStage -->
  <testcase name="sortIDcolumn" time="0.0" classname="controller.TestNgClass">
    <ignored/>
  </testcase> <!-- sortIDcolumn -->
  <testcase name="noOfPolicyHolders" time="0.0" classname="controller.TestNgClass">
    <ignored/>
  </testcase> <!-- noOfPolicyHolders -->
  <testcase name="checkSalesPillerHeadingDiscription" time="0.0" classname="controller.TestNgClass">
    <ignored/>
  </testcase> <!-- checkSalesPillerHeadingDiscription -->
  <testcase name="downloadSalesAppPDF" time="0.0" classname="controller.TestNgClass">
    <ignored/>
  </testcase> <!-- downloadSalesAppPDF -->
  <testcase name="select_SalesQuots_AllRows" time="0.0" classname="controller.TestNgClass">
    <ignored/>
  </testcase> <!-- select_SalesQuots_AllRows -->
  <testcase name="checkOverviewIsSelectedOrNot" time="0.0" classname="controller.TestNgClass">
    <ignored/>
  </testcase> <!-- checkOverviewIsSelectedOrNot -->
  <testcase name="checkDeviceLogisticsOption" time="0.0" classname="controller.TestNgClass">
    <ignored/>
  </testcase> <!-- checkDeviceLogisticsOption -->
  <testcase name="checkUserName" time="0.0" classname="controller.TestNgClass">
    <ignored/>
  </testcase> <!-- checkUserName -->
  <testcase name="sortHealth_column" time="0.0" classname="controller.TestNgClass">
    <ignored/>
  </testcase> <!-- sortHealth_column -->
  <testcase name="checkPaymentOption" time="0.0" classname="controller.TestNgClass">
    <ignored/>
  </testcase> <!-- checkPaymentOption -->
  <testcase name="invalidFName_Sales_AppDetails" time="0.0" classname="controller.TestNgClass">
    <ignored/>
  </testcase> <!-- invalidFName_Sales_AppDetails -->
  <testcase name="checkSureifyLogo" time="0.0" classname="controller.TestNgClass">
    <ignored/>
  </testcase> <!-- checkSureifyLogo -->
  <testcase name="checkLogout" time="0.0" classname="controller.TestNgClass">
    <ignored/>
  </testcase> <!-- checkLogout -->
  <testcase name="select_SalesQuots_10Rows" time="0.0" classname="controller.TestNgClass">
    <ignored/>
  </testcase> <!-- select_SalesQuots_10Rows -->
  <testcase name="checkPwdResetText" time="0.0" classname="controller.TestNgClass">
    <ignored/>
  </testcase> <!-- checkPwdResetText -->
  <testcase name="sortSmoke_column" time="0.0" classname="controller.TestNgClass">
    <ignored/>
  </testcase> <!-- sortSmoke_column -->
  <testcase name="selectSalesApplicationAllRows" time="0.0" classname="controller.TestNgClass">
    <ignored/>
  </testcase> <!-- selectSalesApplicationAllRows -->
  <testcase name="clickWeekly" time="0.0" classname="controller.TestNgClass">
    <ignored/>
  </testcase> <!-- clickWeekly -->
  <testcase name="clickIotDeviceLayout" time="0.0" classname="controller.TestNgClass">
    <ignored/>
  </testcase> <!-- clickIotDeviceLayout -->
  <testcase name="clickResetCancelLink" time="0.0" classname="controller.TestNgClass">
    <ignored/>
  </testcase> <!-- clickResetCancelLink -->
  <testcase name="checkSalesAppDetailsDownload" time="0.0" classname="controller.TestNgClass">
    <ignored/>
  </testcase> <!-- checkSalesAppDetailsDownload -->
  <testcase name="sortNamecolumn" time="0.0" classname="controller.TestNgClass">
    <ignored/>
  </testcase> <!-- sortNamecolumn -->
  <testcase name="clickProductsLayout" time="0.0" classname="controller.TestNgClass">
    <ignored/>
  </testcase> <!-- clickProductsLayout -->
  <testcase name="validateReset1" time="0.0" classname="controller.TestNgClass">
    <ignored/>
  </testcase> <!-- validateReset1 -->
  <testcase name="clickMonthly" time="0.0" classname="controller.TestNgClass">
    <ignored/>
  </testcase> <!-- clickMonthly -->
  <testcase name="downloadSalesAppCSV" time="0.0" classname="controller.TestNgClass">
    <ignored/>
  </testcase> <!-- downloadSalesAppCSV -->
  <testcase name="validateReset2" time="0.0" classname="controller.TestNgClass">
    <ignored/>
  </testcase> <!-- validateReset2 -->
  <testcase name="checkPolicyStatusOption" time="0.0" classname="controller.TestNgClass">
    <ignored/>
  </testcase> <!-- checkPolicyStatusOption -->
  <testcase name="checkEditProfile" time="0.0" classname="controller.TestNgClass">
    <ignored/>
  </testcase> <!-- checkEditProfile -->
  <testcase name="checkMailField" time="0.0" classname="controller.TestNgClass">
    <ignored/>
  </testcase> <!-- checkMailField -->
  <testcase name="checkResetLoginField" time="0.0" classname="controller.TestNgClass">
    <ignored/>
  </testcase> <!-- checkResetLoginField -->
  <testcase name="clickPointsLayout" time="0.0" classname="controller.TestNgClass">
    <ignored/>
  </testcase> <!-- clickPointsLayout -->
  <testcase name="clickSalesAppDetailsQuoteLink" time="0.0" classname="controller.TestNgClass">
    <ignored/>
  </testcase> <!-- clickSalesAppDetailsQuoteLink -->
  <testcase name="validateEmailField" time="0.0" classname="controller.TestNgClass">
    <ignored/>
  </testcase> <!-- validateEmailField -->
  <testcase name="checkSalesAppSecondModule" time="0.0" classname="controller.TestNgClass">
    <ignored/>
  </testcase> <!-- checkSalesAppSecondModule -->
  <testcase name="validLastName_Sales_AppDetails" time="0.0" classname="controller.TestNgClass">
    <ignored/>
  </testcase> <!-- validLastName_Sales_AppDetails -->
  <testcase name="deleteSalesAppWithoutSel" time="0.0" classname="controller.TestNgClass">
    <ignored/>
  </testcase> <!-- deleteSalesAppWithoutSel -->
  <testcase name="inValidEmail" time="0.0" classname="controller.TestNgClass">
    <ignored/>
  </testcase> <!-- inValidEmail -->
  <testcase name="downloadCSV_Sales_Quote" time="0.0" classname="controller.TestNgClass">
    <ignored/>
  </testcase> <!-- downloadCSV_Sales_Quote -->
  <testcase name="selectSalesapplication10Rows" time="0.0" classname="controller.TestNgClass">
    <ignored/>
  </testcase> <!-- selectSalesapplication10Rows -->
  <testcase name="sortEmailcolumn" time="0.0" classname="controller.TestNgClass">
    <ignored/>
  </testcase> <!-- sortEmailcolumn -->
  <testcase name="sortSalesAppName" time="0.0" classname="controller.TestNgClass">
    <ignored/>
  </testcase> <!-- sortSalesAppName -->
  <testcase name="clickWellnessLayout" time="0.0" classname="controller.TestNgClass">
    <ignored/>
  </testcase> <!-- clickWellnessLayout -->
  <testcase name="sortQuoteYearly_column" time="0.0" classname="controller.TestNgClass">
    <ignored/>
  </testcase> <!-- sortQuoteYearly_column -->
  <testcase name="downloadPDF_Sales_Quote" time="0.0" classname="controller.TestNgClass">
    <ignored/>
  </testcase> <!-- downloadPDF_Sales_Quote -->
  <testcase name="select_SalesQuots_50Rows" time="0.0" classname="controller.TestNgClass">
    <ignored/>
  </testcase> <!-- select_SalesQuots_50Rows -->
  <testcase name="selectSales" time="0.0" classname="controller.TestNgClass">
    <ignored/>
  </testcase> <!-- selectSales -->
  <testcase name="deleteWithoutSel" time="0.0" classname="controller.TestNgClass">
    <ignored/>
  </testcase> <!-- deleteWithoutSel -->
  <testcase name="appDetailsHeading" time="0.0" classname="controller.TestNgClass">
    <ignored/>
  </testcase> <!-- appDetailsHeading -->
  <testcase name="sortSalesAppProgress" time="0.0" classname="controller.TestNgClass">
    <ignored/>
  </testcase> <!-- sortSalesAppProgress -->
  <testcase name="checkResetCancelLink" time="0.0" classname="controller.TestNgClass">
    <ignored/>
  </testcase> <!-- checkResetCancelLink -->
  <testcase name="validEmail" time="0.0" classname="controller.TestNgClass">
    <ignored/>
  </testcase> <!-- validEmail -->
  <testcase name="invalidPhoneNumber_Sales_AppDetails" time="0.0" classname="controller.TestNgClass">
    <ignored/>
  </testcase> <!-- invalidPhoneNumber_Sales_AppDetails -->
  <testcase name="validPhoneNumber_Sales_AppDetails" time="0.0" classname="controller.TestNgClass">
    <ignored/>
  </testcase> <!-- validPhoneNumber_Sales_AppDetails -->
  <testcase name="invalidEmail_Sales_AppDetails" time="0.0" classname="controller.TestNgClass">
    <ignored/>
  </testcase> <!-- invalidEmail_Sales_AppDetails -->
  <testcase name="clickCancelLink" time="0.0" classname="controller.TestNgClass">
    <ignored/>
  </testcase> <!-- clickCancelLink -->
  <testcase name="checkSalesAppDetailsPrint" time="0.0" classname="controller.TestNgClass">
    <ignored/>
  </testcase> <!-- checkSalesAppDetailsPrint -->
  <testcase name="selectEngagement" time="0.0" classname="controller.TestNgClass">
    <ignored/>
  </testcase> <!-- selectEngagement -->
  <testcase name="serachRecord" time="0.0" classname="controller.TestNgClass">
    <ignored/>
  </testcase> <!-- serachRecord -->
  <testcase name="sortTermLencolumn" time="0.0" classname="controller.TestNgClass">
    <ignored/>
  </testcase> <!-- sortTermLencolumn -->
  <testcase name="sortLastVisitedDatecolumn" time="0.0" classname="controller.TestNgClass">
    <ignored/>
  </testcase> <!-- sortLastVisitedDatecolumn -->
  <testcase name="clickkForgotPwd" time="0.0" classname="controller.TestNgClass">
    <ignored/>
  </testcase> <!-- clickkForgotPwd -->
  <testcase name="checkForgotDis" time="0.0" classname="controller.TestNgClass">
    <ignored/>
  </testcase> <!-- checkForgotDis -->
  <testcase name="clickEngagementLayout" time="0.0" classname="controller.TestNgClass">
    <ignored/>
  </testcase> <!-- clickEngagementLayout -->
  <testcase name="sortSalesAppTermLength" time="0.0" classname="controller.TestNgClass">
    <ignored/>
  </testcase> <!-- sortSalesAppTermLength -->
  <testcase name="checkQuoteOption" time="0.0" classname="controller.TestNgClass">
    <ignored/>
  </testcase> <!-- checkQuoteOption -->
  <testcase name="checkApplicationOption" time="0.0" classname="controller.TestNgClass">
    <ignored/>
  </testcase> <!-- checkApplicationOption -->
  <testcase name="sortSalesAppFaceAmt" time="0.0" classname="controller.TestNgClass">
    <ignored/>
  </testcase> <!-- sortSalesAppFaceAmt -->
  <testcase name="appDetailsHeadingDis" time="0.0" classname="controller.TestNgClass">
    <ignored/>
  </testcase> <!-- appDetailsHeadingDis -->
  <testcase name="checkCancelLink" time="0.0" classname="controller.TestNgClass">
    <ignored/>
  </testcase> <!-- checkCancelLink -->
  <testcase name="clickPremiumLayout" time="0.0" classname="controller.TestNgClass">
    <ignored/>
  </testcase> <!-- clickPremiumLayout -->
  <testcase name="validFName_Sales_AppDetails" time="0.0" classname="controller.TestNgClass">
    <ignored/>
  </testcase> <!-- validFName_Sales_AppDetails -->
  <testcase name="selectPHManagement" time="0.0" classname="controller.TestNgClass">
    <ignored/>
  </testcase> <!-- selectPHManagement -->
  <testcase name="selectSalesApplication50Rows" time="0.0" classname="controller.TestNgClass">
    <ignored/>
  </testcase> <!-- selectSalesApplication50Rows -->
  <testcase name="validateLogin1" time="0.0" classname="controller.TestNgClass">
    <ignored/>
  </testcase> <!-- validateLogin1 -->
  <testcase name="validateLogin2" time="0.0" classname="controller.TestNgClass">
    <ignored/>
  </testcase> <!-- validateLogin2 -->
  <testcase name="clickRewardsLayout" time="0.0" classname="controller.TestNgClass">
    <ignored/>
  </testcase> <!-- clickRewardsLayout -->
  <testcase name="select_SalesQuots_100Rows" time="0.0" classname="controller.TestNgClass">
    <ignored/>
  </testcase> <!-- select_SalesQuots_100Rows -->
  <testcase name="checkHeadingDis" time="0.0" classname="controller.TestNgClass">
    <ignored/>
  </testcase> <!-- checkHeadingDis -->
  <testcase name="clickDeviceLogisLayout" time="0.0" classname="controller.TestNgClass">
    <ignored/>
  </testcase> <!-- clickDeviceLogisLayout -->
  <testcase name="checkHeading" time="0.0" classname="controller.TestNgClass">
    <ignored/>
  </testcase> <!-- checkHeading -->
  <testcase name="checkEmailField" time="0.0" classname="controller.TestNgClass">
    <ignored/>
  </testcase> <!-- checkEmailField -->
  <testcase name="inValidMailAndPwd" time="0.0" classname="controller.TestNgClass">
    <ignored/>
  </testcase> <!-- inValidMailAndPwd -->
  <testcase name="checkForgotText" time="0.0" classname="controller.TestNgClass">
    <ignored/>
  </testcase> <!-- checkForgotText -->
  <testcase name="clickSalesLayout" time="0.0" classname="controller.TestNgClass">
    <ignored/>
  </testcase> <!-- clickSalesLayout -->
  <testcase name="checkSalesApplicationHeading" time="0.0" classname="controller.TestNgClass">
    <ignored/>
  </testcase> <!-- checkSalesApplicationHeading -->
  <testcase name="checkSalesAppThirdModule" time="0.0" classname="controller.TestNgClass">
    <ignored/>
  </testcase> <!-- checkSalesAppThirdModule -->
  <testcase name="checkSureifytext" time="0.0" classname="controller.TestNgClass">
    <ignored/>
  </testcase> <!-- checkSureifytext -->
  <testcase name="checkSalesAppFirstModule" time="0.0" classname="controller.TestNgClass">
    <ignored/>
  </testcase> <!-- checkSalesAppFirstModule -->
  <testcase name="selectBehaviorData" time="0.0" classname="controller.TestNgClass">
    <ignored/>
  </testcase> <!-- selectBehaviorData -->
  <testcase name="checkHomeSureifyLogo" time="0.0" classname="controller.TestNgClass">
    <ignored/>
  </testcase> <!-- checkHomeSureifyLogo -->
  <testcase name="cancelDeleteSalesApplication" time="0.0" classname="controller.TestNgClass">
    <ignored/>
  </testcase> <!-- cancelDeleteSalesApplication -->
  <testcase name="checkLoginBtn" time="0.0" classname="controller.TestNgClass">
    <ignored/>
  </testcase> <!-- checkLoginBtn -->
  <testcase name="sortAge_column" time="0.0" classname="controller.TestNgClass">
    <ignored/>
  </testcase> <!-- sortAge_column -->
  <testcase name="clickSalesAppDetailsAppLink" time="0.0" classname="controller.TestNgClass">
    <ignored/>
  </testcase> <!-- clickSalesAppDetailsAppLink -->
  <testcase name="checkChangePWD" time="0.0" classname="controller.TestNgClass">
    <ignored/>
  </testcase> <!-- checkChangePWD -->
  <testcase name="forgotPasswordPage" time="0.0" classname="controller.TestNgClass">
    <ignored/>
  </testcase> <!-- forgotPasswordPage -->
  <testcase name="checkFogotLink" time="0.0" classname="controller.TestNgClass">
    <ignored/>
  </testcase> <!-- checkFogotLink -->
  <testcase name="sortSex_column" time="0.0" classname="controller.TestNgClass">
    <ignored/>
  </testcase> <!-- sortSex_column -->
  <testcase name="clickHealthLayout" time="0.0" classname="controller.TestNgClass">
    <ignored/>
  </testcase> <!-- clickHealthLayout -->
  <testcase name="validateLogin3" time="0.0" classname="controller.TestNgClass">
    <ignored/>
  </testcase> <!-- validateLogin3 -->
</testsuite> <!-- SalesPiller_Application -->
