<!DOCTYPE html PUBLIC "-//W3C//DTD XHTML 1.1//EN" "http://www.w3.org/TR/xhtml11/DTD/xhtml11.dtd">
<html xmlns="http://www.w3.org/1999/xhtml"><head><title>TestNG Report</title><style type="text/css">table {margin-bottom:10px;border-collapse:collapse;empty-cells:show}th,td {border:1px solid #009;padding:.25em .5em}th {vertical-align:bottom}td {vertical-align:top}table a {font-weight:bold}.stripe td {background-color: #E6EBF9}.num {text-align:right}.passedodd td {background-color: #3F3}.passedeven td {background-color: #0A0}.skippedodd td {background-color: #DDD}.skippedeven td {background-color: #CCC}.failedodd td,.attn {background-color: #F33}.failedeven td,.stripe .attn {background-color: #D00}.stacktrace {white-space:pre;font-family:monospace}.totop {font-size:85%;text-align:center;border-bottom:2px solid #000}</style></head><body><table><tr><th>Test</th><th># Passed</th><th># Skipped</th><th># Failed</th><th>Time (ms)</th><th>Included Groups</th><th>Excluded Groups</th></tr><tr><th colspan="7">CarrierDashboard</th></tr><tr><td><a href="#t0">SalesPiller_Application</a></td><td class="num">8</td><td class="num">0</td><td class="num attn">2</td><td class="num">75,749</td><td></td><td></td></tr></table><table><thead><tr><th>Class</th><th>Method</th><th>Start</th><th>Time (ms)</th></tr></thead><tbody><tr><th colspan="4">CarrierDashboard</th></tr></tbody><tbody id="t0"><tr><th colspan="4">SalesPiller_Application &#8212; failed</th></tr><tr class="failedeven"><td rowspan="2">controller.TestNgClass</td><td><a href="#m0">invalidDOB_Sales_AppDetails</a></td><td rowspan="1">1486107587928</td><td rowspan="1">2225</td></tr><tr class="failedeven"><td><a href="#m1">validDOB_Sales_AppDetails</a></td><td rowspan="1">1486107590159</td><td rowspan="1">2169</td></tr><tr><th colspan="4">SalesPiller_Application &#8212; passed</th></tr><tr class="passedeven"><td rowspan="8">controller.TestNgClass</td><td><a href="#m2">HomePage</a></td><td rowspan="1">1486107556325</td><td rowspan="1">13</td></tr><tr class="passedeven"><td><a href="#m3">checkSalesPillerLink</a></td><td rowspan="1">1486107556376</td><td rowspan="1">8068</td></tr><tr class="passedeven"><td><a href="#m4">clickSalesApplication</a></td><td rowspan="1">1486107564448</td><td rowspan="1">6718</td></tr><tr class="passedeven"><td><a href="#m5">clickSalesEditApp</a></td><td rowspan="1">1486107586038</td><td rowspan="1">1889</td></tr><tr class="passedeven"><td><a href="#m6">click_Name_Sales_AppDetails</a></td><td rowspan="1">1486107571168</td><td rowspan="1">14867</td></tr><tr class="passedeven"><td><a href="#m7">launchSite</a></td><td rowspan="1">1486107518849</td><td rowspan="1">6496</td></tr><tr class="passedeven"><td><a href="#m8">salesPiller</a></td><td rowspan="1">1486107556340</td><td rowspan="1">33</td></tr><tr class="passedeven"><td><a href="#m9">validEmailAndPwd</a></td><td rowspan="1">1486107525351</td><td rowspan="1">30971</td></tr></tbody></table><h2>SalesPiller_Application</h2><h3 id="m0">controller.TestNgClass#invalidDOB_Sales_AppDetails</h3><table class="result"><tr><th>Exception</th></tr><tr><td><div class="stacktrace">org.openqa.selenium.WebDriverException: unknown error: Element is not clickable at point (639, 356). Other element would receive the click: &lt;th colspan=&quot;5&quot; class=&quot;datepicker-switch&quot;&gt;...&lt;/th&gt;
  (Session info: chrome=53.0.2785.101)
  (Driver info: chromedriver=2.23.409687 (c46e862757edc04c06b1bd88724d15a5807b84d1),platform=Linux 3.13.0-41-generic x86_64) (WARNING: The server did not provide any stacktrace information)
Command duration or timeout: 47 milliseconds
Build info: version: &apos;unknown&apos;, revision: &apos;350cf60&apos;, time: &apos;2016-10-13 10:43:56 -0700&apos;
System info: host: &apos;pradeep&apos;, ip: &apos;127.0.1.1&apos;, os.name: &apos;Linux&apos;, os.arch: &apos;amd64&apos;, os.version: &apos;3.13.0-41-generic&apos;, java.version: &apos;1.8.0_91&apos;
Driver info: org.openqa.selenium.chrome.ChromeDriver
Capabilities [{applicationCacheEnabled=false, rotatable=false, mobileEmulationEnabled=false, networkConnectionEnabled=false, chrome={chromedriverVersion=2.23.409687 (c46e862757edc04c06b1bd88724d15a5807b84d1), userDataDir=/tmp/.org.chromium.Chromium.yaqYgm}, takesHeapSnapshot=true, databaseEnabled=false, handlesAlerts=true, hasTouchScreen=false, version=53.0.2785.101, platform=LINUX, browserConnectionEnabled=false, nativeEvents=true, acceptSslCerts=true, locationContextEnabled=true, webStorageEnabled=true, browserName=chrome, takesScreenshot=true, javascriptEnabled=true, cssSelectorsEnabled=true}]
Session ID: a52365e1f5afb0c7da26cd3d7b58561f
	at org.openqa.selenium.remote.ErrorHandler.createThrowable(ErrorHandler.java:216)
	at org.openqa.selenium.remote.ErrorHandler.throwIfResponseFailed(ErrorHandler.java:168)
	at org.openqa.selenium.remote.RemoteWebDriver.execute(RemoteWebDriver.java:635)
	at org.openqa.selenium.remote.RemoteWebElement.execute(RemoteWebElement.java:274)
	at org.openqa.selenium.remote.RemoteWebElement.click(RemoteWebElement.java:84)
	at services.HelperClass.DOB(HelperClass.java:426)
	at testscripts.SalesPiller.invalidDOB(SalesPiller.java:1607)
	at controller.TestNgClass.invalidDOB_Sales_AppDetails(TestNgClass.java:1347)
... Removed 29 stack frames</div></td></tr></table><p class="totop"><a href="#summary">back to summary</a></p><h3 id="m1">controller.TestNgClass#validDOB_Sales_AppDetails</h3><table class="result"><tr><th>Exception</th></tr><tr><td><div class="stacktrace">org.openqa.selenium.WebDriverException: unknown error: Element is not clickable at point (639, 356). Other element would receive the click: &lt;th colspan=&quot;5&quot; class=&quot;datepicker-switch&quot;&gt;...&lt;/th&gt;
  (Session info: chrome=53.0.2785.101)
  (Driver info: chromedriver=2.23.409687 (c46e862757edc04c06b1bd88724d15a5807b84d1),platform=Linux 3.13.0-41-generic x86_64) (WARNING: The server did not provide any stacktrace information)
Command duration or timeout: 24 milliseconds
Build info: version: &apos;unknown&apos;, revision: &apos;350cf60&apos;, time: &apos;2016-10-13 10:43:56 -0700&apos;
System info: host: &apos;pradeep&apos;, ip: &apos;127.0.1.1&apos;, os.name: &apos;Linux&apos;, os.arch: &apos;amd64&apos;, os.version: &apos;3.13.0-41-generic&apos;, java.version: &apos;1.8.0_91&apos;
Driver info: org.openqa.selenium.chrome.ChromeDriver
Capabilities [{applicationCacheEnabled=false, rotatable=false, mobileEmulationEnabled=false, networkConnectionEnabled=false, chrome={chromedriverVersion=2.23.409687 (c46e862757edc04c06b1bd88724d15a5807b84d1), userDataDir=/tmp/.org.chromium.Chromium.yaqYgm}, takesHeapSnapshot=true, databaseEnabled=false, handlesAlerts=true, hasTouchScreen=false, version=53.0.2785.101, platform=LINUX, browserConnectionEnabled=false, nativeEvents=true, acceptSslCerts=true, locationContextEnabled=true, webStorageEnabled=true, browserName=chrome, takesScreenshot=true, javascriptEnabled=true, cssSelectorsEnabled=true}]
Session ID: a52365e1f5afb0c7da26cd3d7b58561f
	at org.openqa.selenium.remote.ErrorHandler.createThrowable(ErrorHandler.java:216)
	at org.openqa.selenium.remote.ErrorHandler.throwIfResponseFailed(ErrorHandler.java:168)
	at org.openqa.selenium.remote.RemoteWebDriver.execute(RemoteWebDriver.java:635)
	at org.openqa.selenium.remote.RemoteWebElement.execute(RemoteWebElement.java:274)
	at org.openqa.selenium.remote.RemoteWebElement.click(RemoteWebElement.java:84)
	at services.HelperClass.DOB(HelperClass.java:426)
	at testscripts.SalesPiller.validDoB(SalesPiller.java:1612)
	at controller.TestNgClass.validDOB_Sales_AppDetails(TestNgClass.java:1357)
... Removed 29 stack frames</div></td></tr></table><p class="totop"><a href="#summary">back to summary</a></p><h3 id="m2">controller.TestNgClass#HomePage</h3><table class="result"></table><p class="totop"><a href="#summary">back to summary</a></p><h3 id="m3">controller.TestNgClass#checkSalesPillerLink</h3><table class="result"></table><p class="totop"><a href="#summary">back to summary</a></p><h3 id="m4">controller.TestNgClass#clickSalesApplication</h3><table class="result"></table><p class="totop"><a href="#summary">back to summary</a></p><h3 id="m5">controller.TestNgClass#clickSalesEditApp</h3><table class="result"></table><p class="totop"><a href="#summary">back to summary</a></p><h3 id="m6">controller.TestNgClass#click_Name_Sales_AppDetails</h3><table class="result"></table><p class="totop"><a href="#summary">back to summary</a></p><h3 id="m7">controller.TestNgClass#launchSite</h3><table class="result"><tr class="param"><th>Parameter #1</th></tr><tr class="param stripe"><td>staging</td></tr></table><p class="totop"><a href="#summary">back to summary</a></p><h3 id="m8">controller.TestNgClass#salesPiller</h3><table class="result"></table><p class="totop"><a href="#summary">back to summary</a></p><h3 id="m9">controller.TestNgClass#validEmailAndPwd</h3><table class="result"></table><p class="totop"><a href="#summary">back to summary</a></p></body></html>