<?xml version="1.0" encoding="UTF-8"?>
<testng-results skipped="0" failed="2" ignored="127" total="137" passed="8">
  <reporter-output>
    <line>
      <![CDATA[CHROME Browser Lanched]]>
    </line>
  </reporter-output>
  <suite name="CarrierDashboard" duration-ms="75749" started-at="2017-02-03T07:38:37Z" finished-at="2017-02-03T07:39:52Z">
    <groups>
      <group name="regressiontest">
        <method signature="TestNgClass.launchSite(java.lang.String)[pri:1, instance:controller.TestNgClass@457e2f02]" name="launchSite" class="controller.TestNgClass"/>
        <method signature="TestNgClass.validEmailAndPwd()[pri:15, instance:controller.TestNgClass@457e2f02]" name="validEmailAndPwd" class="controller.TestNgClass"/>
        <method signature="TestNgClass.HomePage()[pri:34, instance:controller.TestNgClass@457e2f02]" name="HomePage" class="controller.TestNgClass"/>
        <method signature="TestNgClass.salesPiller()[pri:61, instance:controller.TestNgClass@457e2f02]" name="salesPiller" class="controller.TestNgClass"/>
        <method signature="TestNgClass.checkSalesPillerLink()[pri:61, instance:controller.TestNgClass@457e2f02]" name="checkSalesPillerLink" class="controller.TestNgClass"/>
        <method signature="TestNgClass.clickSalesApplication()[pri:95, instance:controller.TestNgClass@457e2f02]" name="clickSalesApplication" class="controller.TestNgClass"/>
        <method signature="TestNgClass.clickSalesEditApp()[pri:126, instance:controller.TestNgClass@457e2f02]" name="clickSalesEditApp" class="controller.TestNgClass"/>
        <method signature="TestNgClass.click_Name_Sales_AppDetails()[pri:119, instance:controller.TestNgClass@457e2f02]" name="click_Name_Sales_AppDetails" class="controller.TestNgClass"/>
        <method signature="TestNgClass.invalidDOB_Sales_AppDetails()[pri:135, instance:controller.TestNgClass@457e2f02]" name="invalidDOB_Sales_AppDetails" class="controller.TestNgClass"/>
        <method signature="TestNgClass.validDOB_Sales_AppDetails()[pri:136, instance:controller.TestNgClass@457e2f02]" name="validDOB_Sales_AppDetails" class="controller.TestNgClass"/>
      </group> <!-- regressiontest -->
      <group name="smoketest">
        <method signature="TestNgClass.launchSite(java.lang.String)[pri:1, instance:controller.TestNgClass@457e2f02]" name="launchSite" class="controller.TestNgClass"/>
        <method signature="TestNgClass.validEmailAndPwd()[pri:15, instance:controller.TestNgClass@457e2f02]" name="validEmailAndPwd" class="controller.TestNgClass"/>
        <method signature="TestNgClass.HomePage()[pri:34, instance:controller.TestNgClass@457e2f02]" name="HomePage" class="controller.TestNgClass"/>
      </group> <!-- smoketest -->
    </groups>
    <test name="SalesPiller_Application" duration-ms="75749" started-at="2017-02-03T07:38:37Z" finished-at="2017-02-03T07:39:52Z">
      <class name="controller.TestNgClass">
        <test-method status="PASS" signature="setUp(java.lang.String, java.lang.String)[pri:0, instance:controller.TestNgClass@457e2f02]" name="setUp" is-config="true" duration-ms="1668" started-at="2017-02-03T13:08:37Z" finished-at="2017-02-03T13:08:38Z">
          <params>
            <param index="0">
              <value>
                <![CDATA[chrome]]>
              </value>
            </param>
            <param index="1">
              <value>
                <![CDATA[/home/pradeep/CarrierAutomation.ods]]>
              </value>
            </param>
          </params>
          <reporter-output>
            <line>
              <![CDATA[CHROME Browser Lanched]]>
            </line>
          </reporter-output>
        </test-method> <!-- setUp -->
        <test-method status="PASS" signature="launchSite(java.lang.String)[pri:1, instance:controller.TestNgClass@457e2f02]" name="launchSite" duration-ms="6496" started-at="2017-02-03T13:08:38Z" finished-at="2017-02-03T13:08:45Z">
          <params>
            <param index="0">
              <value>
                <![CDATA[staging]]>
              </value>
            </param>
          </params>
          <reporter-output>
          </reporter-output>
        </test-method> <!-- launchSite -->
        <test-method status="PASS" signature="validEmailAndPwd()[pri:15, instance:controller.TestNgClass@457e2f02]" name="validEmailAndPwd" duration-ms="30971" started-at="2017-02-03T13:08:45Z" depends-on-methods="controller.TestNgClass.launchSite" finished-at="2017-02-03T13:09:16Z">
          <reporter-output>
          </reporter-output>
        </test-method> <!-- validEmailAndPwd -->
        <test-method status="PASS" signature="HomePage()[pri:34, instance:controller.TestNgClass@457e2f02]" name="HomePage" duration-ms="13" started-at="2017-02-03T13:09:16Z" depends-on-methods="controller.TestNgClass.validEmailAndPwd" finished-at="2017-02-03T13:09:16Z">
          <reporter-output>
          </reporter-output>
        </test-method> <!-- HomePage -->
        <test-method status="PASS" signature="salesPiller()[pri:61, instance:controller.TestNgClass@457e2f02]" name="salesPiller" duration-ms="33" started-at="2017-02-03T13:09:16Z" depends-on-methods="controller.TestNgClass.HomePage" finished-at="2017-02-03T13:09:16Z">
          <reporter-output>
          </reporter-output>
        </test-method> <!-- salesPiller -->
        <test-method status="PASS" signature="checkSalesPillerLink()[pri:61, instance:controller.TestNgClass@457e2f02]" name="checkSalesPillerLink" duration-ms="8068" started-at="2017-02-03T13:09:16Z" depends-on-methods="controller.TestNgClass.salesPiller" finished-at="2017-02-03T13:09:24Z">
          <reporter-output>
          </reporter-output>
        </test-method> <!-- checkSalesPillerLink -->
        <test-method status="PASS" signature="clickSalesApplication()[pri:95, instance:controller.TestNgClass@457e2f02]" name="clickSalesApplication" duration-ms="6718" started-at="2017-02-03T13:09:24Z" depends-on-methods="controller.TestNgClass.checkSalesPillerLink" finished-at="2017-02-03T13:09:31Z">
          <reporter-output>
          </reporter-output>
        </test-method> <!-- clickSalesApplication -->
        <test-method status="PASS" signature="click_Name_Sales_AppDetails()[pri:119, instance:controller.TestNgClass@457e2f02]" name="click_Name_Sales_AppDetails" duration-ms="14867" started-at="2017-02-03T13:09:31Z" depends-on-methods="controller.TestNgClass.salesPiller" finished-at="2017-02-03T13:09:46Z">
          <reporter-output>
          </reporter-output>
        </test-method> <!-- click_Name_Sales_AppDetails -->
        <test-method status="PASS" signature="clickSalesEditApp()[pri:126, instance:controller.TestNgClass@457e2f02]" name="clickSalesEditApp" duration-ms="1889" started-at="2017-02-03T13:09:46Z" depends-on-methods="controller.TestNgClass.salesPiller" finished-at="2017-02-03T13:09:47Z">
          <reporter-output>
          </reporter-output>
        </test-method> <!-- clickSalesEditApp -->
        <test-method status="FAIL" signature="invalidDOB_Sales_AppDetails()[pri:135, instance:controller.TestNgClass@457e2f02]" name="invalidDOB_Sales_AppDetails" duration-ms="2225" started-at="2017-02-03T13:09:47Z" depends-on-methods="controller.TestNgClass.salesPiller, controller.TestNgClass.clickSalesEditApp" finished-at="2017-02-03T13:09:50Z">
          <exception class="org.openqa.selenium.WebDriverException">
            <message>
              <![CDATA[unknown error: Element is not clickable at point (639, 356). Other element would receive the click: <th colspan="5" class="datepicker-switch">...</th>
  (Session info: chrome=53.0.2785.101)
  (Driver info: chromedriver=2.23.409687 (c46e862757edc04c06b1bd88724d15a5807b84d1),platform=Linux 3.13.0-41-generic x86_64) (WARNING: The server did not provide any stacktrace information)
Command duration or timeout: 47 milliseconds
Build info: version: 'unknown', revision: '350cf60', time: '2016-10-13 10:43:56 -0700'
System info: host: 'pradeep', ip: '127.0.1.1', os.name: 'Linux', os.arch: 'amd64', os.version: '3.13.0-41-generic', java.version: '1.8.0_91'
Driver info: org.openqa.selenium.chrome.ChromeDriver
Capabilities [{applicationCacheEnabled=false, rotatable=false, mobileEmulationEnabled=false, networkConnectionEnabled=false, chrome={chromedriverVersion=2.23.409687 (c46e862757edc04c06b1bd88724d15a5807b84d1), userDataDir=/tmp/.org.chromium.Chromium.yaqYgm}, takesHeapSnapshot=true, databaseEnabled=false, handlesAlerts=true, hasTouchScreen=false, version=53.0.2785.101, platform=LINUX, browserConnectionEnabled=false, nativeEvents=true, acceptSslCerts=true, locationContextEnabled=true, webStorageEnabled=true, browserName=chrome, takesScreenshot=true, javascriptEnabled=true, cssSelectorsEnabled=true}]
Session ID: a52365e1f5afb0c7da26cd3d7b58561f]]>
            </message>
            <full-stacktrace>
              <![CDATA[org.openqa.selenium.WebDriverException: unknown error: Element is not clickable at point (639, 356). Other element would receive the click: <th colspan="5" class="datepicker-switch">...</th>
  (Session info: chrome=53.0.2785.101)
  (Driver info: chromedriver=2.23.409687 (c46e862757edc04c06b1bd88724d15a5807b84d1),platform=Linux 3.13.0-41-generic x86_64) (WARNING: The server did not provide any stacktrace information)
Command duration or timeout: 47 milliseconds
Build info: version: 'unknown', revision: '350cf60', time: '2016-10-13 10:43:56 -0700'
System info: host: 'pradeep', ip: '127.0.1.1', os.name: 'Linux', os.arch: 'amd64', os.version: '3.13.0-41-generic', java.version: '1.8.0_91'
Driver info: org.openqa.selenium.chrome.ChromeDriver
Capabilities [{applicationCacheEnabled=false, rotatable=false, mobileEmulationEnabled=false, networkConnectionEnabled=false, chrome={chromedriverVersion=2.23.409687 (c46e862757edc04c06b1bd88724d15a5807b84d1), userDataDir=/tmp/.org.chromium.Chromium.yaqYgm}, takesHeapSnapshot=true, databaseEnabled=false, handlesAlerts=true, hasTouchScreen=false, version=53.0.2785.101, platform=LINUX, browserConnectionEnabled=false, nativeEvents=true, acceptSslCerts=true, locationContextEnabled=true, webStorageEnabled=true, browserName=chrome, takesScreenshot=true, javascriptEnabled=true, cssSelectorsEnabled=true}]
Session ID: a52365e1f5afb0c7da26cd3d7b58561f
	at sun.reflect.NativeConstructorAccessorImpl.newInstance0(Native Method)
	at sun.reflect.NativeConstructorAccessorImpl.newInstance(NativeConstructorAccessorImpl.java:62)
	at sun.reflect.DelegatingConstructorAccessorImpl.newInstance(DelegatingConstructorAccessorImpl.java:45)
	at java.lang.reflect.Constructor.newInstance(Constructor.java:423)
	at org.openqa.selenium.remote.ErrorHandler.createThrowable(ErrorHandler.java:216)
	at org.openqa.selenium.remote.ErrorHandler.throwIfResponseFailed(ErrorHandler.java:168)
	at org.openqa.selenium.remote.RemoteWebDriver.execute(RemoteWebDriver.java:635)
	at org.openqa.selenium.remote.RemoteWebElement.execute(RemoteWebElement.java:274)
	at org.openqa.selenium.remote.RemoteWebElement.click(RemoteWebElement.java:84)
	at services.HelperClass.DOB(HelperClass.java:426)
	at testscripts.SalesPiller.invalidDOB(SalesPiller.java:1607)
	at controller.TestNgClass.invalidDOB_Sales_AppDetails(TestNgClass.java:1347)
	at sun.reflect.NativeMethodAccessorImpl.invoke0(Native Method)
	at sun.reflect.NativeMethodAccessorImpl.invoke(NativeMethodAccessorImpl.java:62)
	at sun.reflect.DelegatingMethodAccessorImpl.invoke(DelegatingMethodAccessorImpl.java:43)
	at java.lang.reflect.Method.invoke(Method.java:498)
	at org.testng.internal.MethodInvocationHelper.invokeMethod(MethodInvocationHelper.java:104)
	at org.testng.internal.Invoker.invokeMethod(Invoker.java:645)
	at org.testng.internal.Invoker.invokeTestMethod(Invoker.java:851)
	at org.testng.internal.Invoker.invokeTestMethods(Invoker.java:1177)
	at org.testng.internal.TestMethodWorker.invokeTestMethods(TestMethodWorker.java:129)
	at org.testng.internal.TestMethodWorker.run(TestMethodWorker.java:112)
	at org.testng.TestRunner.privateRun(TestRunner.java:756)
	at org.testng.TestRunner.run(TestRunner.java:610)
	at org.testng.SuiteRunner.runTest(SuiteRunner.java:387)
	at org.testng.SuiteRunner.runSequentially(SuiteRunner.java:382)
	at org.testng.SuiteRunner.privateRun(SuiteRunner.java:340)
	at org.testng.SuiteRunner.run(SuiteRunner.java:289)
	at org.testng.SuiteRunnerWorker.runSuite(SuiteRunnerWorker.java:52)
	at org.testng.SuiteRunnerWorker.run(SuiteRunnerWorker.java:86)
	at org.testng.TestNG.runSuitesSequentially(TestNG.java:1293)
	at org.testng.TestNG.runSuitesLocally(TestNG.java:1218)
	at org.testng.TestNG.runSuites(TestNG.java:1133)
	at org.testng.TestNG.run(TestNG.java:1104)
	at org.testng.remote.AbstractRemoteTestNG.run(AbstractRemoteTestNG.java:132)
	at org.testng.remote.RemoteTestNG.initAndRun(RemoteTestNG.java:236)
	at org.testng.remote.RemoteTestNG.main(RemoteTestNG.java:81)
]]>
            </full-stacktrace>
          </exception> <!-- org.openqa.selenium.WebDriverException -->
          <reporter-output>
          </reporter-output>
        </test-method> <!-- invalidDOB_Sales_AppDetails -->
        <test-method status="FAIL" signature="validDOB_Sales_AppDetails()[pri:136, instance:controller.TestNgClass@457e2f02]" name="validDOB_Sales_AppDetails" duration-ms="2169" started-at="2017-02-03T13:09:50Z" depends-on-methods="controller.TestNgClass.salesPiller, controller.TestNgClass.clickSalesEditApp" finished-at="2017-02-03T13:09:52Z">
          <exception class="org.openqa.selenium.WebDriverException">
            <message>
              <![CDATA[unknown error: Element is not clickable at point (639, 356). Other element would receive the click: <th colspan="5" class="datepicker-switch">...</th>
  (Session info: chrome=53.0.2785.101)
  (Driver info: chromedriver=2.23.409687 (c46e862757edc04c06b1bd88724d15a5807b84d1),platform=Linux 3.13.0-41-generic x86_64) (WARNING: The server did not provide any stacktrace information)
Command duration or timeout: 24 milliseconds
Build info: version: 'unknown', revision: '350cf60', time: '2016-10-13 10:43:56 -0700'
System info: host: 'pradeep', ip: '127.0.1.1', os.name: 'Linux', os.arch: 'amd64', os.version: '3.13.0-41-generic', java.version: '1.8.0_91'
Driver info: org.openqa.selenium.chrome.ChromeDriver
Capabilities [{applicationCacheEnabled=false, rotatable=false, mobileEmulationEnabled=false, networkConnectionEnabled=false, chrome={chromedriverVersion=2.23.409687 (c46e862757edc04c06b1bd88724d15a5807b84d1), userDataDir=/tmp/.org.chromium.Chromium.yaqYgm}, takesHeapSnapshot=true, databaseEnabled=false, handlesAlerts=true, hasTouchScreen=false, version=53.0.2785.101, platform=LINUX, browserConnectionEnabled=false, nativeEvents=true, acceptSslCerts=true, locationContextEnabled=true, webStorageEnabled=true, browserName=chrome, takesScreenshot=true, javascriptEnabled=true, cssSelectorsEnabled=true}]
Session ID: a52365e1f5afb0c7da26cd3d7b58561f]]>
            </message>
            <full-stacktrace>
              <![CDATA[org.openqa.selenium.WebDriverException: unknown error: Element is not clickable at point (639, 356). Other element would receive the click: <th colspan="5" class="datepicker-switch">...</th>
  (Session info: chrome=53.0.2785.101)
  (Driver info: chromedriver=2.23.409687 (c46e862757edc04c06b1bd88724d15a5807b84d1),platform=Linux 3.13.0-41-generic x86_64) (WARNING: The server did not provide any stacktrace information)
Command duration or timeout: 24 milliseconds
Build info: version: 'unknown', revision: '350cf60', time: '2016-10-13 10:43:56 -0700'
System info: host: 'pradeep', ip: '127.0.1.1', os.name: 'Linux', os.arch: 'amd64', os.version: '3.13.0-41-generic', java.version: '1.8.0_91'
Driver info: org.openqa.selenium.chrome.ChromeDriver
Capabilities [{applicationCacheEnabled=false, rotatable=false, mobileEmulationEnabled=false, networkConnectionEnabled=false, chrome={chromedriverVersion=2.23.409687 (c46e862757edc04c06b1bd88724d15a5807b84d1), userDataDir=/tmp/.org.chromium.Chromium.yaqYgm}, takesHeapSnapshot=true, databaseEnabled=false, handlesAlerts=true, hasTouchScreen=false, version=53.0.2785.101, platform=LINUX, browserConnectionEnabled=false, nativeEvents=true, acceptSslCerts=true, locationContextEnabled=true, webStorageEnabled=true, browserName=chrome, takesScreenshot=true, javascriptEnabled=true, cssSelectorsEnabled=true}]
Session ID: a52365e1f5afb0c7da26cd3d7b58561f
	at sun.reflect.NativeConstructorAccessorImpl.newInstance0(Native Method)
	at sun.reflect.NativeConstructorAccessorImpl.newInstance(NativeConstructorAccessorImpl.java:62)
	at sun.reflect.DelegatingConstructorAccessorImpl.newInstance(DelegatingConstructorAccessorImpl.java:45)
	at java.lang.reflect.Constructor.newInstance(Constructor.java:423)
	at org.openqa.selenium.remote.ErrorHandler.createThrowable(ErrorHandler.java:216)
	at org.openqa.selenium.remote.ErrorHandler.throwIfResponseFailed(ErrorHandler.java:168)
	at org.openqa.selenium.remote.RemoteWebDriver.execute(RemoteWebDriver.java:635)
	at org.openqa.selenium.remote.RemoteWebElement.execute(RemoteWebElement.java:274)
	at org.openqa.selenium.remote.RemoteWebElement.click(RemoteWebElement.java:84)
	at services.HelperClass.DOB(HelperClass.java:426)
	at testscripts.SalesPiller.validDoB(SalesPiller.java:1612)
	at controller.TestNgClass.validDOB_Sales_AppDetails(TestNgClass.java:1357)
	at sun.reflect.NativeMethodAccessorImpl.invoke0(Native Method)
	at sun.reflect.NativeMethodAccessorImpl.invoke(NativeMethodAccessorImpl.java:62)
	at sun.reflect.DelegatingMethodAccessorImpl.invoke(DelegatingMethodAccessorImpl.java:43)
	at java.lang.reflect.Method.invoke(Method.java:498)
	at org.testng.internal.MethodInvocationHelper.invokeMethod(MethodInvocationHelper.java:104)
	at org.testng.internal.Invoker.invokeMethod(Invoker.java:645)
	at org.testng.internal.Invoker.invokeTestMethod(Invoker.java:851)
	at org.testng.internal.Invoker.invokeTestMethods(Invoker.java:1177)
	at org.testng.internal.TestMethodWorker.invokeTestMethods(TestMethodWorker.java:129)
	at org.testng.internal.TestMethodWorker.run(TestMethodWorker.java:112)
	at org.testng.TestRunner.privateRun(TestRunner.java:756)
	at org.testng.TestRunner.run(TestRunner.java:610)
	at org.testng.SuiteRunner.runTest(SuiteRunner.java:387)
	at org.testng.SuiteRunner.runSequentially(SuiteRunner.java:382)
	at org.testng.SuiteRunner.privateRun(SuiteRunner.java:340)
	at org.testng.SuiteRunner.run(SuiteRunner.java:289)
	at org.testng.SuiteRunnerWorker.runSuite(SuiteRunnerWorker.java:52)
	at org.testng.SuiteRunnerWorker.run(SuiteRunnerWorker.java:86)
	at org.testng.TestNG.runSuitesSequentially(TestNG.java:1293)
	at org.testng.TestNG.runSuitesLocally(TestNG.java:1218)
	at org.testng.TestNG.runSuites(TestNG.java:1133)
	at org.testng.TestNG.run(TestNG.java:1104)
	at org.testng.remote.AbstractRemoteTestNG.run(AbstractRemoteTestNG.java:132)
	at org.testng.remote.RemoteTestNG.initAndRun(RemoteTestNG.java:236)
	at org.testng.remote.RemoteTestNG.main(RemoteTestNG.java:81)
]]>
            </full-stacktrace>
          </exception> <!-- org.openqa.selenium.WebDriverException -->
          <reporter-output>
          </reporter-output>
        </test-method> <!-- validDOB_Sales_AppDetails -->
        <test-method status="PASS" signature="tearDown()[pri:0, instance:controller.TestNgClass@457e2f02]" name="tearDown" is-config="true" duration-ms="578" started-at="2017-02-03T13:09:52Z" finished-at="2017-02-03T13:09:52Z">
          <reporter-output>
          </reporter-output>
        </test-method> <!-- tearDown -->
      </class> <!-- controller.TestNgClass -->
    </test> <!-- SalesPiller_Application -->
  </suite> <!-- CarrierDashboard -->
</testng-results>
