<?xml version="1.0" encoding="UTF-8"?>
<!-- Generated by org.testng.reporters.JUnitReportReporter -->
<testsuite name="controller.TestNgClass" tests="10" time="73.449" ignored="127" failures="0" timestamp="03 Feb 2017 07:39:52 GMT" skipped="0" hostname="pradeep" errors="2">
  <testcase name="salesPiller" time="0.033" classname="controller.TestNgClass"/>
  <testcase name="clickSalesApplication" time="6.718" classname="controller.TestNgClass"/>
  <testcase name="invalidDOB_Sales_AppDetails" time="2.225" classname="controller.TestNgClass">
    <error type="org.openqa.selenium.WebDriverException" message="unknown error: Element is not clickable at point (639, 356). Other element would receive the click: &lt;th colspan=&quot;5&quot; class=&quot;datepicker-switch&quot;&gt;...&lt;/th&gt;
  (Session info: chrome=53.0.2785.101)
  (Driver info: chromedriver=2.23.409687 (c46e862757edc04c06b1bd88724d15a5807b84d1),platform=Linux 3.13.0-41-generic x86_64) (WARNING: The server did not provide any stacktrace information)
Command duration or timeout: 47 milliseconds
Build info: version: &#039;unknown&#039;, revision: &#039;350cf60&#039;, time: &#039;2016-10-13 10:43:56 -0700&#039;
System info: host: &#039;pradeep&#039;, ip: &#039;127.0.1.1&#039;, os.name: &#039;Linux&#039;, os.arch: &#039;amd64&#039;, os.version: &#039;3.13.0-41-generic&#039;, java.version: &#039;1.8.0_91&#039;
Driver info: org.openqa.selenium.chrome.ChromeDriver
Capabilities [{applicationCacheEnabled=false, rotatable=false, mobileEmulationEnabled=false, networkConnectionEnabled=false, chrome={chromedriverVersion=2.23.409687 (c46e862757edc04c06b1bd88724d15a5807b84d1), userDataDir=/tmp/.org.chromium.Chromium.yaqYgm}, takesHeapSnapshot=true, databaseEnabled=false, handlesAlerts=true, hasTouchScreen=false, version=53.0.2785.101, platform=LINUX, browserConnectionEnabled=false, nativeEvents=true, acceptSslCerts=true, locationContextEnabled=true, webStorageEnabled=true, browserName=chrome, takesScreenshot=true, javascriptEnabled=true, cssSelectorsEnabled=true}]
Session ID: a52365e1f5afb0c7da26cd3d7b58561f">
      <![CDATA[org.openqa.selenium.WebDriverException: unknown error: Element is not clickable at point (639, 356). Other element would receive the click: <th colspan="5" class="datepicker-switch">...</th>
  (Session info: chrome=53.0.2785.101)
  (Driver info: chromedriver=2.23.409687 (c46e862757edc04c06b1bd88724d15a5807b84d1),platform=Linux 3.13.0-41-generic x86_64) (WARNING: The server did not provide any stacktrace information)
Command duration or timeout: 47 milliseconds
Build info: version: 'unknown', revision: '350cf60', time: '2016-10-13 10:43:56 -0700'
System info: host: 'pradeep', ip: '127.0.1.1', os.name: 'Linux', os.arch: 'amd64', os.version: '3.13.0-41-generic', java.version: '1.8.0_91'
Driver info: org.openqa.selenium.chrome.ChromeDriver
Capabilities [{applicationCacheEnabled=false, rotatable=false, mobileEmulationEnabled=false, networkConnectionEnabled=false, chrome={chromedriverVersion=2.23.409687 (c46e862757edc04c06b1bd88724d15a5807b84d1), userDataDir=/tmp/.org.chromium.Chromium.yaqYgm}, takesHeapSnapshot=true, databaseEnabled=false, handlesAlerts=true, hasTouchScreen=false, version=53.0.2785.101, platform=LINUX, browserConnectionEnabled=false, nativeEvents=true, acceptSslCerts=true, locationContextEnabled=true, webStorageEnabled=true, browserName=chrome, takesScreenshot=true, javascriptEnabled=true, cssSelectorsEnabled=true}]
Session ID: a52365e1f5afb0c7da26cd3d7b58561f
	at sun.reflect.NativeConstructorAccessorImpl.newInstance0(Native Method)
	at sun.reflect.NativeConstructorAccessorImpl.newInstance(NativeConstructorAccessorImpl.java:62)
	at sun.reflect.DelegatingConstructorAccessorImpl.newInstance(DelegatingConstructorAccessorImpl.java:45)
	at java.lang.reflect.Constructor.newInstance(Constructor.java:423)
	at org.openqa.selenium.remote.ErrorHandler.createThrowable(ErrorHandler.java:216)
	at org.openqa.selenium.remote.ErrorHandler.throwIfResponseFailed(ErrorHandler.java:168)
	at org.openqa.selenium.remote.RemoteWebDriver.execute(RemoteWebDriver.java:635)
	at org.openqa.selenium.remote.RemoteWebElement.execute(RemoteWebElement.java:274)
	at org.openqa.selenium.remote.RemoteWebElement.click(RemoteWebElement.java:84)
	at services.HelperClass.DOB(HelperClass.java:426)
	at testscripts.SalesPiller.invalidDOB(SalesPiller.java:1607)
	at controller.TestNgClass.invalidDOB_Sales_AppDetails(TestNgClass.java:1347)
	at sun.reflect.NativeMethodAccessorImpl.invoke0(Native Method)
	at sun.reflect.NativeMethodAccessorImpl.invoke(NativeMethodAccessorImpl.java:62)
	at sun.reflect.DelegatingMethodAccessorImpl.invoke(DelegatingMethodAccessorImpl.java:43)
	at java.lang.reflect.Method.invoke(Method.java:498)
	at org.testng.internal.MethodInvocationHelper.invokeMethod(MethodInvocationHelper.java:104)
	at org.testng.internal.Invoker.invokeMethod(Invoker.java:645)
	at org.testng.internal.Invoker.invokeTestMethod(Invoker.java:851)
	at org.testng.internal.Invoker.invokeTestMethods(Invoker.java:1177)
	at org.testng.internal.TestMethodWorker.invokeTestMethods(TestMethodWorker.java:129)
	at org.testng.internal.TestMethodWorker.run(TestMethodWorker.java:112)
	at org.testng.TestRunner.privateRun(TestRunner.java:756)
	at org.testng.TestRunner.run(TestRunner.java:610)
	at org.testng.SuiteRunner.runTest(SuiteRunner.java:387)
	at org.testng.SuiteRunner.runSequentially(SuiteRunner.java:382)
	at org.testng.SuiteRunner.privateRun(SuiteRunner.java:340)
	at org.testng.SuiteRunner.run(SuiteRunner.java:289)
	at org.testng.SuiteRunnerWorker.runSuite(SuiteRunnerWorker.java:52)
	at org.testng.SuiteRunnerWorker.run(SuiteRunnerWorker.java:86)
	at org.testng.TestNG.runSuitesSequentially(TestNG.java:1293)
	at org.testng.TestNG.runSuitesLocally(TestNG.java:1218)
	at org.testng.TestNG.runSuites(TestNG.java:1133)
	at org.testng.TestNG.run(TestNG.java:1104)
	at org.testng.remote.AbstractRemoteTestNG.run(AbstractRemoteTestNG.java:132)
	at org.testng.remote.RemoteTestNG.initAndRun(RemoteTestNG.java:236)
	at org.testng.remote.RemoteTestNG.main(RemoteTestNG.java:81)
]]>
    </error>
  </testcase> <!-- invalidDOB_Sales_AppDetails -->
  <testcase name="validEmailAndPwd" time="30.971" classname="controller.TestNgClass"/>
  <testcase name="checkSalesPillerLink" time="8.068" classname="controller.TestNgClass"/>
  <testcase name="launchSite" time="6.496" classname="controller.TestNgClass"/>
  <testcase name="validDOB_Sales_AppDetails" time="2.169" classname="controller.TestNgClass">
    <error type="org.openqa.selenium.WebDriverException" message="unknown error: Element is not clickable at point (639, 356). Other element would receive the click: &lt;th colspan=&quot;5&quot; class=&quot;datepicker-switch&quot;&gt;...&lt;/th&gt;
  (Session info: chrome=53.0.2785.101)
  (Driver info: chromedriver=2.23.409687 (c46e862757edc04c06b1bd88724d15a5807b84d1),platform=Linux 3.13.0-41-generic x86_64) (WARNING: The server did not provide any stacktrace information)
Command duration or timeout: 24 milliseconds
Build info: version: &#039;unknown&#039;, revision: &#039;350cf60&#039;, time: &#039;2016-10-13 10:43:56 -0700&#039;
System info: host: &#039;pradeep&#039;, ip: &#039;127.0.1.1&#039;, os.name: &#039;Linux&#039;, os.arch: &#039;amd64&#039;, os.version: &#039;3.13.0-41-generic&#039;, java.version: &#039;1.8.0_91&#039;
Driver info: org.openqa.selenium.chrome.ChromeDriver
Capabilities [{applicationCacheEnabled=false, rotatable=false, mobileEmulationEnabled=false, networkConnectionEnabled=false, chrome={chromedriverVersion=2.23.409687 (c46e862757edc04c06b1bd88724d15a5807b84d1), userDataDir=/tmp/.org.chromium.Chromium.yaqYgm}, takesHeapSnapshot=true, databaseEnabled=false, handlesAlerts=true, hasTouchScreen=false, version=53.0.2785.101, platform=LINUX, browserConnectionEnabled=false, nativeEvents=true, acceptSslCerts=true, locationContextEnabled=true, webStorageEnabled=true, browserName=chrome, takesScreenshot=true, javascriptEnabled=true, cssSelectorsEnabled=true}]
Session ID: a52365e1f5afb0c7da26cd3d7b58561f">
      <![CDATA[org.openqa.selenium.WebDriverException: unknown error: Element is not clickable at point (639, 356). Other element would receive the click: <th colspan="5" class="datepicker-switch">...</th>
  (Session info: chrome=53.0.2785.101)
  (Driver info: chromedriver=2.23.409687 (c46e862757edc04c06b1bd88724d15a5807b84d1),platform=Linux 3.13.0-41-generic x86_64) (WARNING: The server did not provide any stacktrace information)
Command duration or timeout: 24 milliseconds
Build info: version: 'unknown', revision: '350cf60', time: '2016-10-13 10:43:56 -0700'
System info: host: 'pradeep', ip: '127.0.1.1', os.name: 'Linux', os.arch: 'amd64', os.version: '3.13.0-41-generic', java.version: '1.8.0_91'
Driver info: org.openqa.selenium.chrome.ChromeDriver
Capabilities [{applicationCacheEnabled=false, rotatable=false, mobileEmulationEnabled=false, networkConnectionEnabled=false, chrome={chromedriverVersion=2.23.409687 (c46e862757edc04c06b1bd88724d15a5807b84d1), userDataDir=/tmp/.org.chromium.Chromium.yaqYgm}, takesHeapSnapshot=true, databaseEnabled=false, handlesAlerts=true, hasTouchScreen=false, version=53.0.2785.101, platform=LINUX, browserConnectionEnabled=false, nativeEvents=true, acceptSslCerts=true, locationContextEnabled=true, webStorageEnabled=true, browserName=chrome, takesScreenshot=true, javascriptEnabled=true, cssSelectorsEnabled=true}]
Session ID: a52365e1f5afb0c7da26cd3d7b58561f
	at sun.reflect.NativeConstructorAccessorImpl.newInstance0(Native Method)
	at sun.reflect.NativeConstructorAccessorImpl.newInstance(NativeConstructorAccessorImpl.java:62)
	at sun.reflect.DelegatingConstructorAccessorImpl.newInstance(DelegatingConstructorAccessorImpl.java:45)
	at java.lang.reflect.Constructor.newInstance(Constructor.java:423)
	at org.openqa.selenium.remote.ErrorHandler.createThrowable(ErrorHandler.java:216)
	at org.openqa.selenium.remote.ErrorHandler.throwIfResponseFailed(ErrorHandler.java:168)
	at org.openqa.selenium.remote.RemoteWebDriver.execute(RemoteWebDriver.java:635)
	at org.openqa.selenium.remote.RemoteWebElement.execute(RemoteWebElement.java:274)
	at org.openqa.selenium.remote.RemoteWebElement.click(RemoteWebElement.java:84)
	at services.HelperClass.DOB(HelperClass.java:426)
	at testscripts.SalesPiller.validDoB(SalesPiller.java:1612)
	at controller.TestNgClass.validDOB_Sales_AppDetails(TestNgClass.java:1357)
	at sun.reflect.NativeMethodAccessorImpl.invoke0(Native Method)
	at sun.reflect.NativeMethodAccessorImpl.invoke(NativeMethodAccessorImpl.java:62)
	at sun.reflect.DelegatingMethodAccessorImpl.invoke(DelegatingMethodAccessorImpl.java:43)
	at java.lang.reflect.Method.invoke(Method.java:498)
	at org.testng.internal.MethodInvocationHelper.invokeMethod(MethodInvocationHelper.java:104)
	at org.testng.internal.Invoker.invokeMethod(Invoker.java:645)
	at org.testng.internal.Invoker.invokeTestMethod(Invoker.java:851)
	at org.testng.internal.Invoker.invokeTestMethods(Invoker.java:1177)
	at org.testng.internal.TestMethodWorker.invokeTestMethods(TestMethodWorker.java:129)
	at org.testng.internal.TestMethodWorker.run(TestMethodWorker.java:112)
	at org.testng.TestRunner.privateRun(TestRunner.java:756)
	at org.testng.TestRunner.run(TestRunner.java:610)
	at org.testng.SuiteRunner.runTest(SuiteRunner.java:387)
	at org.testng.SuiteRunner.runSequentially(SuiteRunner.java:382)
	at org.testng.SuiteRunner.privateRun(SuiteRunner.java:340)
	at org.testng.SuiteRunner.run(SuiteRunner.java:289)
	at org.testng.SuiteRunnerWorker.runSuite(SuiteRunnerWorker.java:52)
	at org.testng.SuiteRunnerWorker.run(SuiteRunnerWorker.java:86)
	at org.testng.TestNG.runSuitesSequentially(TestNG.java:1293)
	at org.testng.TestNG.runSuitesLocally(TestNG.java:1218)
	at org.testng.TestNG.runSuites(TestNG.java:1133)
	at org.testng.TestNG.run(TestNG.java:1104)
	at org.testng.remote.AbstractRemoteTestNG.run(AbstractRemoteTestNG.java:132)
	at org.testng.remote.RemoteTestNG.initAndRun(RemoteTestNG.java:236)
	at org.testng.remote.RemoteTestNG.main(RemoteTestNG.java:81)
]]>
    </error>
  </testcase> <!-- validDOB_Sales_AppDetails -->
  <testcase name="HomePage" time="0.013" classname="controller.TestNgClass"/>
  <testcase name="click_Name_Sales_AppDetails" time="14.867" classname="controller.TestNgClass"/>
  <testcase name="clickSalesEditApp" time="1.889" classname="controller.TestNgClass"/>
  <testcase name="checkSalesPillerHeading" classname="controller.TestNgClass">
    <skipped/>
  </testcase> <!-- checkSalesPillerHeading -->
  <testcase name="sortSalesAppID" classname="controller.TestNgClass">
    <skipped/>
  </testcase> <!-- sortSalesAppID -->
  <testcase name="clickResetLogin" classname="controller.TestNgClass">
    <skipped/>
  </testcase> <!-- clickResetLogin -->
  <testcase name="deleteSalesApplication" classname="controller.TestNgClass">
    <skipped/>
  </testcase> <!-- deleteSalesApplication -->
  <testcase name="select_SalesQuots_25Rows" classname="controller.TestNgClass">
    <skipped/>
  </testcase> <!-- select_SalesQuots_25Rows -->
  <testcase name="selectSalesApplication100Rows" classname="controller.TestNgClass">
    <skipped/>
  </testcase> <!-- selectSalesApplication100Rows -->
  <testcase name="clickYearly" classname="controller.TestNgClass">
    <skipped/>
  </testcase> <!-- clickYearly -->
  <testcase name="checkResetButton" classname="controller.TestNgClass">
    <skipped/>
  </testcase> <!-- checkResetButton -->
  <testcase name="checkSalesApplicationHeadingDis" classname="controller.TestNgClass">
    <skipped/>
  </testcase> <!-- checkSalesApplicationHeadingDis -->
  <testcase name="invalidLastName_Sales_AppDetails" classname="controller.TestNgClass">
    <skipped/>
  </testcase> <!-- invalidLastName_Sales_AppDetails -->
  <testcase name="clickSocialIntLayout" classname="controller.TestNgClass">
    <skipped/>
  </testcase> <!-- clickSocialIntLayout -->
  <testcase name="checkPasswordField" classname="controller.TestNgClass">
    <skipped/>
  </testcase> <!-- checkPasswordField -->
  <testcase name="checkProfileDropdown" classname="controller.TestNgClass">
    <skipped/>
  </testcase> <!-- checkProfileDropdown -->
  <testcase name="ResetPasswordPage" classname="controller.TestNgClass">
    <skipped/>
  </testcase> <!-- ResetPasswordPage -->
  <testcase name="validatePwdField" classname="controller.TestNgClass">
    <skipped/>
  </testcase> <!-- validatePwdField -->
  <testcase name="cancelDelete" classname="controller.TestNgClass">
    <skipped/>
  </testcase> <!-- cancelDelete -->
  <testcase name="checkResetDis" classname="controller.TestNgClass">
    <skipped/>
  </testcase> <!-- checkResetDis -->
  <testcase name="deleteRecord" classname="controller.TestNgClass">
    <skipped/>
  </testcase> <!-- deleteRecord -->
  <testcase name="searchSalesApplication" classname="controller.TestNgClass">
    <skipped/>
  </testcase> <!-- searchSalesApplication -->
  <testcase name="clickPolicyHolderLayout" classname="controller.TestNgClass">
    <skipped/>
  </testcase> <!-- clickPolicyHolderLayout -->
  <testcase name="selectSalesApplication25Rows" classname="controller.TestNgClass">
    <skipped/>
  </testcase> <!-- selectSalesApplication25Rows -->
  <testcase name="clickAppAnlyLayout" classname="controller.TestNgClass">
    <skipped/>
  </testcase> <!-- clickAppAnlyLayout -->
  <testcase name="validEmail_Sales_AppDetails" classname="controller.TestNgClass">
    <skipped/>
  </testcase> <!-- validEmail_Sales_AppDetails -->
  <testcase name="sortFaceAmountcolumn" classname="controller.TestNgClass">
    <skipped/>
  </testcase> <!-- sortFaceAmountcolumn -->
  <testcase name="click_Id_Sales_AppDetails" classname="controller.TestNgClass">
    <skipped/>
  </testcase> <!-- click_Id_Sales_AppDetails -->
  <testcase name="sortSalesAppStage" classname="controller.TestNgClass">
    <skipped/>
  </testcase> <!-- sortSalesAppStage -->
  <testcase name="sortIDcolumn" classname="controller.TestNgClass">
    <skipped/>
  </testcase> <!-- sortIDcolumn -->
  <testcase name="noOfPolicyHolders" classname="controller.TestNgClass">
    <skipped/>
  </testcase> <!-- noOfPolicyHolders -->
  <testcase name="checkSalesPillerHeadingDiscription" classname="controller.TestNgClass">
    <skipped/>
  </testcase> <!-- checkSalesPillerHeadingDiscription -->
  <testcase name="downloadSalesAppPDF" classname="controller.TestNgClass">
    <skipped/>
  </testcase> <!-- downloadSalesAppPDF -->
  <testcase name="select_SalesQuots_AllRows" classname="controller.TestNgClass">
    <skipped/>
  </testcase> <!-- select_SalesQuots_AllRows -->
  <testcase name="checkOverviewIsSelectedOrNot" classname="controller.TestNgClass">
    <skipped/>
  </testcase> <!-- checkOverviewIsSelectedOrNot -->
  <testcase name="checkDeviceLogisticsOption" classname="controller.TestNgClass">
    <skipped/>
  </testcase> <!-- checkDeviceLogisticsOption -->
  <testcase name="checkUserName" classname="controller.TestNgClass">
    <skipped/>
  </testcase> <!-- checkUserName -->
  <testcase name="sortHealth_column" classname="controller.TestNgClass">
    <skipped/>
  </testcase> <!-- sortHealth_column -->
  <testcase name="checkPaymentOption" classname="controller.TestNgClass">
    <skipped/>
  </testcase> <!-- checkPaymentOption -->
  <testcase name="invalidFName_Sales_AppDetails" classname="controller.TestNgClass">
    <skipped/>
  </testcase> <!-- invalidFName_Sales_AppDetails -->
  <testcase name="checkSureifyLogo" classname="controller.TestNgClass">
    <skipped/>
  </testcase> <!-- checkSureifyLogo -->
  <testcase name="checkLogout" classname="controller.TestNgClass">
    <skipped/>
  </testcase> <!-- checkLogout -->
  <testcase name="select_SalesQuots_10Rows" classname="controller.TestNgClass">
    <skipped/>
  </testcase> <!-- select_SalesQuots_10Rows -->
  <testcase name="checkPwdResetText" classname="controller.TestNgClass">
    <skipped/>
  </testcase> <!-- checkPwdResetText -->
  <testcase name="sortSmoke_column" classname="controller.TestNgClass">
    <skipped/>
  </testcase> <!-- sortSmoke_column -->
  <testcase name="selectSalesApplicationAllRows" classname="controller.TestNgClass">
    <skipped/>
  </testcase> <!-- selectSalesApplicationAllRows -->
  <testcase name="clickWeekly" classname="controller.TestNgClass">
    <skipped/>
  </testcase> <!-- clickWeekly -->
  <testcase name="clickIotDeviceLayout" classname="controller.TestNgClass">
    <skipped/>
  </testcase> <!-- clickIotDeviceLayout -->
  <testcase name="clickResetCancelLink" classname="controller.TestNgClass">
    <skipped/>
  </testcase> <!-- clickResetCancelLink -->
  <testcase name="checkSalesAppDetailsDownload" classname="controller.TestNgClass">
    <skipped/>
  </testcase> <!-- checkSalesAppDetailsDownload -->
  <testcase name="sortNamecolumn" classname="controller.TestNgClass">
    <skipped/>
  </testcase> <!-- sortNamecolumn -->
  <testcase name="clickProductsLayout" classname="controller.TestNgClass">
    <skipped/>
  </testcase> <!-- clickProductsLayout -->
  <testcase name="validateReset1" classname="controller.TestNgClass">
    <skipped/>
  </testcase> <!-- validateReset1 -->
  <testcase name="clickMonthly" classname="controller.TestNgClass">
    <skipped/>
  </testcase> <!-- clickMonthly -->
  <testcase name="downloadSalesAppCSV" classname="controller.TestNgClass">
    <skipped/>
  </testcase> <!-- downloadSalesAppCSV -->
  <testcase name="validateReset2" classname="controller.TestNgClass">
    <skipped/>
  </testcase> <!-- validateReset2 -->
  <testcase name="checkPolicyStatusOption" classname="controller.TestNgClass">
    <skipped/>
  </testcase> <!-- checkPolicyStatusOption -->
  <testcase name="checkEditProfile" classname="controller.TestNgClass">
    <skipped/>
  </testcase> <!-- checkEditProfile -->
  <testcase name="checkMailField" classname="controller.TestNgClass">
    <skipped/>
  </testcase> <!-- checkMailField -->
  <testcase name="checkResetLoginField" classname="controller.TestNgClass">
    <skipped/>
  </testcase> <!-- checkResetLoginField -->
  <testcase name="clickPointsLayout" classname="controller.TestNgClass">
    <skipped/>
  </testcase> <!-- clickPointsLayout -->
  <testcase name="clickSalesAppDetailsQuoteLink" classname="controller.TestNgClass">
    <skipped/>
  </testcase> <!-- clickSalesAppDetailsQuoteLink -->
  <testcase name="validateEmailField" classname="controller.TestNgClass">
    <skipped/>
  </testcase> <!-- validateEmailField -->
  <testcase name="checkSalesAppSecondModule" classname="controller.TestNgClass">
    <skipped/>
  </testcase> <!-- checkSalesAppSecondModule -->
  <testcase name="validLastName_Sales_AppDetails" classname="controller.TestNgClass">
    <skipped/>
  </testcase> <!-- validLastName_Sales_AppDetails -->
  <testcase name="deleteSalesAppWithoutSel" classname="controller.TestNgClass">
    <skipped/>
  </testcase> <!-- deleteSalesAppWithoutSel -->
  <testcase name="inValidEmail" classname="controller.TestNgClass">
    <skipped/>
  </testcase> <!-- inValidEmail -->
  <testcase name="downloadCSV_Sales_Quote" classname="controller.TestNgClass">
    <skipped/>
  </testcase> <!-- downloadCSV_Sales_Quote -->
  <testcase name="selectSalesapplication10Rows" classname="controller.TestNgClass">
    <skipped/>
  </testcase> <!-- selectSalesapplication10Rows -->
  <testcase name="sortEmailcolumn" classname="controller.TestNgClass">
    <skipped/>
  </testcase> <!-- sortEmailcolumn -->
  <testcase name="sortSalesAppName" classname="controller.TestNgClass">
    <skipped/>
  </testcase> <!-- sortSalesAppName -->
  <testcase name="clickWellnessLayout" classname="controller.TestNgClass">
    <skipped/>
  </testcase> <!-- clickWellnessLayout -->
  <testcase name="sortQuoteYearly_column" classname="controller.TestNgClass">
    <skipped/>
  </testcase> <!-- sortQuoteYearly_column -->
  <testcase name="downloadPDF_Sales_Quote" classname="controller.TestNgClass">
    <skipped/>
  </testcase> <!-- downloadPDF_Sales_Quote -->
  <testcase name="select_SalesQuots_50Rows" classname="controller.TestNgClass">
    <skipped/>
  </testcase> <!-- select_SalesQuots_50Rows -->
  <testcase name="selectSales" classname="controller.TestNgClass">
    <skipped/>
  </testcase> <!-- selectSales -->
  <testcase name="deleteWithoutSel" classname="controller.TestNgClass">
    <skipped/>
  </testcase> <!-- deleteWithoutSel -->
  <testcase name="appDetailsHeading" classname="controller.TestNgClass">
    <skipped/>
  </testcase> <!-- appDetailsHeading -->
  <testcase name="sortSalesAppProgress" classname="controller.TestNgClass">
    <skipped/>
  </testcase> <!-- sortSalesAppProgress -->
  <testcase name="checkResetCancelLink" classname="controller.TestNgClass">
    <skipped/>
  </testcase> <!-- checkResetCancelLink -->
  <testcase name="validEmail" classname="controller.TestNgClass">
    <skipped/>
  </testcase> <!-- validEmail -->
  <testcase name="invalidPhoneNumber_Sales_AppDetails" classname="controller.TestNgClass">
    <skipped/>
  </testcase> <!-- invalidPhoneNumber_Sales_AppDetails -->
  <testcase name="validPhoneNumber_Sales_AppDetails" classname="controller.TestNgClass">
    <skipped/>
  </testcase> <!-- validPhoneNumber_Sales_AppDetails -->
  <testcase name="invalidEmail_Sales_AppDetails" classname="controller.TestNgClass">
    <skipped/>
  </testcase> <!-- invalidEmail_Sales_AppDetails -->
  <testcase name="clickCancelLink" classname="controller.TestNgClass">
    <skipped/>
  </testcase> <!-- clickCancelLink -->
  <testcase name="checkSalesAppDetailsPrint" classname="controller.TestNgClass">
    <skipped/>
  </testcase> <!-- checkSalesAppDetailsPrint -->
  <testcase name="selectEngagement" classname="controller.TestNgClass">
    <skipped/>
  </testcase> <!-- selectEngagement -->
  <testcase name="serachRecord" classname="controller.TestNgClass">
    <skipped/>
  </testcase> <!-- serachRecord -->
  <testcase name="sortTermLencolumn" classname="controller.TestNgClass">
    <skipped/>
  </testcase> <!-- sortTermLencolumn -->
  <testcase name="sortLastVisitedDatecolumn" classname="controller.TestNgClass">
    <skipped/>
  </testcase> <!-- sortLastVisitedDatecolumn -->
  <testcase name="clickkForgotPwd" classname="controller.TestNgClass">
    <skipped/>
  </testcase> <!-- clickkForgotPwd -->
  <testcase name="checkForgotDis" classname="controller.TestNgClass">
    <skipped/>
  </testcase> <!-- checkForgotDis -->
  <testcase name="clickEngagementLayout" classname="controller.TestNgClass">
    <skipped/>
  </testcase> <!-- clickEngagementLayout -->
  <testcase name="sortSalesAppTermLength" classname="controller.TestNgClass">
    <skipped/>
  </testcase> <!-- sortSalesAppTermLength -->
  <testcase name="checkQuoteOption" classname="controller.TestNgClass">
    <skipped/>
  </testcase> <!-- checkQuoteOption -->
  <testcase name="checkApplicationOption" classname="controller.TestNgClass">
    <skipped/>
  </testcase> <!-- checkApplicationOption -->
  <testcase name="sortSalesAppFaceAmt" classname="controller.TestNgClass">
    <skipped/>
  </testcase> <!-- sortSalesAppFaceAmt -->
  <testcase name="appDetailsHeadingDis" classname="controller.TestNgClass">
    <skipped/>
  </testcase> <!-- appDetailsHeadingDis -->
  <testcase name="checkCancelLink" classname="controller.TestNgClass">
    <skipped/>
  </testcase> <!-- checkCancelLink -->
  <testcase name="clickPremiumLayout" classname="controller.TestNgClass">
    <skipped/>
  </testcase> <!-- clickPremiumLayout -->
  <testcase name="validFName_Sales_AppDetails" classname="controller.TestNgClass">
    <skipped/>
  </testcase> <!-- validFName_Sales_AppDetails -->
  <testcase name="selectPHManagement" classname="controller.TestNgClass">
    <skipped/>
  </testcase> <!-- selectPHManagement -->
  <testcase name="selectSalesApplication50Rows" classname="controller.TestNgClass">
    <skipped/>
  </testcase> <!-- selectSalesApplication50Rows -->
  <testcase name="validateLogin1" classname="controller.TestNgClass">
    <skipped/>
  </testcase> <!-- validateLogin1 -->
  <testcase name="validateLogin2" classname="controller.TestNgClass">
    <skipped/>
  </testcase> <!-- validateLogin2 -->
  <testcase name="clickRewardsLayout" classname="controller.TestNgClass">
    <skipped/>
  </testcase> <!-- clickRewardsLayout -->
  <testcase name="select_SalesQuots_100Rows" classname="controller.TestNgClass">
    <skipped/>
  </testcase> <!-- select_SalesQuots_100Rows -->
  <testcase name="checkHeadingDis" classname="controller.TestNgClass">
    <skipped/>
  </testcase> <!-- checkHeadingDis -->
  <testcase name="clickDeviceLogisLayout" classname="controller.TestNgClass">
    <skipped/>
  </testcase> <!-- clickDeviceLogisLayout -->
  <testcase name="checkHeading" classname="controller.TestNgClass">
    <skipped/>
  </testcase> <!-- checkHeading -->
  <testcase name="checkEmailField" classname="controller.TestNgClass">
    <skipped/>
  </testcase> <!-- checkEmailField -->
  <testcase name="inValidMailAndPwd" classname="controller.TestNgClass">
    <skipped/>
  </testcase> <!-- inValidMailAndPwd -->
  <testcase name="checkForgotText" classname="controller.TestNgClass">
    <skipped/>
  </testcase> <!-- checkForgotText -->
  <testcase name="clickSalesLayout" classname="controller.TestNgClass">
    <skipped/>
  </testcase> <!-- clickSalesLayout -->
  <testcase name="checkSalesApplicationHeading" classname="controller.TestNgClass">
    <skipped/>
  </testcase> <!-- checkSalesApplicationHeading -->
  <testcase name="checkSalesAppThirdModule" classname="controller.TestNgClass">
    <skipped/>
  </testcase> <!-- checkSalesAppThirdModule -->
  <testcase name="checkSureifytext" classname="controller.TestNgClass">
    <skipped/>
  </testcase> <!-- checkSureifytext -->
  <testcase name="checkSalesAppFirstModule" classname="controller.TestNgClass">
    <skipped/>
  </testcase> <!-- checkSalesAppFirstModule -->
  <testcase name="selectBehaviorData" classname="controller.TestNgClass">
    <skipped/>
  </testcase> <!-- selectBehaviorData -->
  <testcase name="checkHomeSureifyLogo" classname="controller.TestNgClass">
    <skipped/>
  </testcase> <!-- checkHomeSureifyLogo -->
  <testcase name="cancelDeleteSalesApplication" classname="controller.TestNgClass">
    <skipped/>
  </testcase> <!-- cancelDeleteSalesApplication -->
  <testcase name="checkLoginBtn" classname="controller.TestNgClass">
    <skipped/>
  </testcase> <!-- checkLoginBtn -->
  <testcase name="sortAge_column" classname="controller.TestNgClass">
    <skipped/>
  </testcase> <!-- sortAge_column -->
  <testcase name="clickSalesAppDetailsAppLink" classname="controller.TestNgClass">
    <skipped/>
  </testcase> <!-- clickSalesAppDetailsAppLink -->
  <testcase name="checkChangePWD" classname="controller.TestNgClass">
    <skipped/>
  </testcase> <!-- checkChangePWD -->
  <testcase name="forgotPasswordPage" classname="controller.TestNgClass">
    <skipped/>
  </testcase> <!-- forgotPasswordPage -->
  <testcase name="checkFogotLink" classname="controller.TestNgClass">
    <skipped/>
  </testcase> <!-- checkFogotLink -->
  <testcase name="sortSex_column" classname="controller.TestNgClass">
    <skipped/>
  </testcase> <!-- sortSex_column -->
  <testcase name="clickHealthLayout" classname="controller.TestNgClass">
    <skipped/>
  </testcase> <!-- clickHealthLayout -->
  <testcase name="validateLogin3" classname="controller.TestNgClass">
    <skipped/>
  </testcase> <!-- validateLogin3 -->
</testsuite> <!-- controller.TestNgClass -->
